2013-12-08 01:48:16:915> Archivo de entrada:
2013-12-08 01:48:16:915> .\files\selectrapos.txt
2013-12-08 01:48:16:916> Error no se puede abrir el puerto
2013-12-08 01:48:16:916> Archivo de salida:
2013-12-08 01:48:16:916> .\files\OUT_selectrapos.txt
2013-12-08 01:48:16:916> Puerto serial:
2013-12-08 01:48:16:916> COM1
2013-12-08 01:53:37:543> Archivo de entrada:
2013-12-08 01:53:37:543> .\files\selectrapos.txt
2013-12-08 01:53:37:544> Error no se puede abrir el puerto
2013-12-08 01:53:37:544> Archivo de salida:
2013-12-08 01:53:37:544> .\files\OUT_selectrapos.txt
2013-12-08 01:53:37:545> Puerto serial:
2013-12-08 01:53:37:545> COM1
2013-12-08 02:36:07:420> Archivo de entrada:
2013-12-08 02:36:07:420> .\files\selectrapos.txt
2013-12-08 02:36:07:570> Archivo de salida:
2013-12-08 02:36:07:570> .\files\OUT_selectrapos.txt
2013-12-08 02:36:07:570> Puerto serial:
2013-12-08 02:36:07:570> COM1
2013-12-08 02:36:07:570> <ABRIR_CF,ARMADILLOTECH,1>
2013-12-08 02:36:07:620> <2>L00<3>
2013-12-08 02:36:08:850> <6>
2013-12-08 02:36:08:880> <2>VRazon Social: ARMADILLOTECH             <3>
2013-12-08 02:36:09:080> <6>
2013-12-08 02:36:09:090> <2>VRIF: 1                                  <3>
2013-12-08 02:36:09:290> <6>
2013-12-08 02:36:09:290> <2>V----------------------------------------<3>
2013-12-08 02:36:09:490> <6>
2013-12-08 02:36:09:490> <2>_<3>
2013-12-08 02:36:09:520> <2><1><131><1><1><1><1>1<1><3><6>
2013-12-08 02:36:09:540> 
2013-12-08 02:36:09:550> <ABRIR_CF OK>
2013-12-08 02:36:09:550> <ITEM_CF,HAMBURGUESA RIB EYE,1,14,99,0,00,0,0>
2013-12-08 02:36:09:550> <2>VHAMBURGUESA RIB EYE                     <3>
2013-12-08 02:36:09:760> <6>
2013-12-08 02:36:09:760> <2>N10.001 x 0.14        00000000000<3>
2013-12-08 02:36:09:810> <6>
2013-12-08 02:36:09:840> 
2013-12-08 02:36:09:840> <ITEM_CF 001 OK>
2013-12-08 02:36:09:840> <ITEM_CF,MINI HAMBURGUESAS,1,5,99,0,00,0,0>
2013-12-08 02:36:09:840> <2>VMINI HAMBURGUESAS                       <3>
2013-12-08 02:36:10:070> <6>
2013-12-08 02:36:10:100> <2>N10.001 x 0.05        00000000000<3>
2013-12-08 02:36:10:160> <6>
2013-12-08 02:36:10:180> 
2013-12-08 02:36:10:180> <ITEM_CF 002 OK>
2013-12-08 02:36:10:190> <ITEM_CF,PASTRAMI BURGUER,1,9,99,0,00,0,0>
2013-12-08 02:36:10:190> <2>VPASTRAMI BURGUER                        <3>
2013-12-08 02:36:10:390> <6>
2013-12-08 02:36:10:390> <2>N10.001 x 0.09        00000000000<3>
2013-12-08 02:36:10:450> <6>
2013-12-08 02:36:10:470> 
2013-12-08 02:36:10:470> <ITEM_CF 003 OK>
2013-12-08 02:36:10:470> <SUBTOTAL_CF>
2013-12-08 02:36:10:470> <2>O1<3>
2013-12-08 02:36:14:470> <21>
2013-12-08 02:36:14:470> <SUBTOTAL_CF ERROR>
2013-12-08 02:36:14:470> <PAGO_CF,100>
2013-12-08 02:36:14:470> <2>P1Pago                000000000100<3>
2013-12-08 02:36:14:510> <21>
2013-12-08 02:36:14:510> <PAGO_CF ERROR>
2013-12-08 02:36:14:510> <CERRAR_CF>
2013-12-08 02:36:14:510> <2>_<3>
2013-12-08 02:36:14:540> <2><1><131><1><1><1><1>1<1><3><6>
2013-12-08 02:36:14:540> <2>M<3>
2013-12-08 02:36:14:550> <21>
2013-12-08 02:36:14:550> <CERRAR_CF ERROR>
2013-12-08 02:42:04:501> Archivo de entrada:
2013-12-08 02:42:04:501> .\files\selectrapos.txt
2013-12-08 02:42:04:661> Archivo de salida:
2013-12-08 02:42:04:661> .\files\OUT_selectrapos.txt
2013-12-08 02:42:04:661> Puerto serial:
2013-12-08 02:42:04:661> COM1
2013-12-08 02:42:04:661> <ABRIR_CF,ARMADILLOTECH,1>
2013-12-08 02:42:04:661> <2>L00<3>
2013-12-08 02:42:05:871> <6>
2013-12-08 02:42:05:871> <2>VRazon Social: ARMADILLOTECH             <3>
2013-12-08 02:42:06:101> <6>
2013-12-08 02:42:06:101> <2>VRIF: 1                                  <3>
2013-12-08 02:42:06:301> <6>
2013-12-08 02:42:06:301> <2>V----------------------------------------<3>
2013-12-08 02:42:06:511> <6>
2013-12-08 02:42:06:511> <2>_<3>
2013-12-08 02:42:06:541> <2><1><131><1><1><1><1>1<1><3><6>
2013-12-08 02:42:06:561> 
2013-12-08 02:42:06:561> <ABRIR_CF OK>
2013-12-08 02:42:06:561> <ITEM_CF,HAMBURGUESA RIB EYE,1,14.99,1,0,0>
2013-12-08 02:42:06:561> <2>VHAMBURGUESA RIB EYE                     <3>
2013-12-08 02:42:06:761> <6>
2013-12-08 02:42:06:761> <2>N10.001 x 0.15        00000000001<3>
2013-12-08 02:42:06:821> <6>
2013-12-08 02:42:06:841> 
2013-12-08 02:42:06:851> <ITEM_CF 001 OK>
2013-12-08 02:42:06:851> <ITEM_CF,MINI HAMBURGUESAS,1,5.99,1,0,0>
2013-12-08 02:42:06:851> <2>VMINI HAMBURGUESAS                       <3>
2013-12-08 02:42:07:051> <6>
2013-12-08 02:42:07:051> <2>N10.001 x 0.06        00000000001<3>
2013-12-08 02:42:07:111> <6>
2013-12-08 02:42:07:131> 
2013-12-08 02:42:07:131> <ITEM_CF 002 OK>
2013-12-08 02:42:07:131> <ITEM_CF,PASTRAMI BURGUER,1,9.99,1,0,0>
2013-12-08 02:42:07:131> <2>VPASTRAMI BURGUER                        <3>
2013-12-08 02:42:07:341> <6>
2013-12-08 02:42:07:341> <2>N10.001 x 0.10        00000000001<3>
2013-12-08 02:42:07:391> <6>
2013-12-08 02:42:07:421> 
2013-12-08 02:42:07:421> <ITEM_CF 003 OK>
2013-12-08 02:42:07:421> <SUBTOTAL_CF>
2013-12-08 02:42:07:421> <2>O1<3>
2013-12-08 02:42:11:421> <21>
2013-12-08 02:42:11:421> <SUBTOTAL_CF ERROR>
2013-12-08 02:42:11:421> <PAGO_CF,100>
2013-12-08 02:42:11:421> <2>P1Pago                000000000100<3>
2013-12-08 02:42:11:461> <21>
2013-12-08 02:42:11:461> <PAGO_CF ERROR>
2013-12-08 02:42:11:461> <CERRAR_CF>
2013-12-08 02:42:11:461> <2>_<3>
2013-12-08 02:42:11:491> <2><1><131><1><1><1><1>1<1><3><6>
2013-12-08 02:42:11:491> <2>M<3>
2013-12-08 02:42:11:501> <21>
2013-12-08 02:42:11:501> <CERRAR_CF ERROR>
2013-12-08 02:47:50:521> Archivo de entrada:
2013-12-08 02:47:50:521> .\files\selectrapos.txt
2013-12-08 02:47:50:671> Archivo de salida:
2013-12-08 02:47:50:671> .\files\OUT_selectrapos.txt
2013-12-08 02:47:50:671> Puerto serial:
2013-12-08 02:47:50:671> COM1
2013-12-08 02:47:50:671> <ABRIR_CF,ARMADILLOTECH,1>
2013-12-08 02:47:50:671> <2>L00<3>
2013-12-08 02:47:51:901> <6>
2013-12-08 02:47:51:901> <2>VRazon Social: ARMADILLOTECH             <3>
2013-12-08 02:47:52:111> <6>
2013-12-08 02:47:52:111> <2>VRIF: 1                                  <3>
2013-12-08 02:47:52:311> <6>
2013-12-08 02:47:52:311> <2>V----------------------------------------<3>
2013-12-08 02:47:52:511> <6>
2013-12-08 02:47:52:511> <2>_<3>
2013-12-08 02:47:52:541> <2><1><131><1><1><1><1>1<1><3><6>
2013-12-08 02:47:52:571> 
2013-12-08 02:47:52:571> <ABRIR_CF OK>
2013-12-08 02:47:52:571> <ITEM_CF,HAMBURGUESA RIB EYE,1,14,1,0,0>
2013-12-08 02:47:52:571> <2>VHAMBURGUESA RIB EYE                     <3>
2013-12-08 02:47:52:771> <6>
2013-12-08 02:47:52:771> <2>N10.001 x 0.14        00000000001<3>
2013-12-08 02:47:52:831> <6>
2013-12-08 02:47:52:851> 
2013-12-08 02:47:52:851> <ITEM_CF 001 OK>
2013-12-08 02:47:52:851> <ITEM_CF,MINI HAMBURGUESAS,1,5,1,0,0>
2013-12-08 02:47:52:851> <2>VMINI HAMBURGUESAS                       <3>
2013-12-08 02:47:53:061> <6>
2013-12-08 02:47:53:061> <2>N10.001 x 0.05        00000000001<3>
2013-12-08 02:47:53:111> <6>
2013-12-08 02:47:53:141> 
2013-12-08 02:47:53:141> <ITEM_CF 002 OK>
2013-12-08 02:47:53:141> <ITEM_CF,PASTRAMI BURGUER,1,9,1,0,0>
2013-12-08 02:47:53:141> <2>VPASTRAMI BURGUER                        <3>
2013-12-08 02:47:53:341> <6>
2013-12-08 02:47:53:341> <2>N10.001 x 0.09        00000000001<3>
2013-12-08 02:47:53:401> <6>
2013-12-08 02:47:53:421> 
2013-12-08 02:47:53:421> <ITEM_CF 003 OK>
2013-12-08 02:47:53:421> <SUBTOTAL_CF>
2013-12-08 02:47:53:421> <2>O1<3>
2013-12-08 02:47:57:421> <21>
2013-12-08 02:47:57:421> <SUBTOTAL_CF ERROR>
2013-12-08 02:47:57:421> <PAGO_CF,100>
2013-12-08 02:47:57:421> <2>P1Pago                000000000100<3>
2013-12-08 02:47:57:461> <21>
2013-12-08 02:47:57:461> <PAGO_CF ERROR>
2013-12-08 02:47:57:461> <CERRAR_CF>
2013-12-08 02:47:57:461> <2>_<3>
2013-12-08 02:47:57:491> <2><1><131><1><1><1><1>1<1><3><6>
2013-12-08 02:47:57:491> <2>M<3>
2013-12-08 02:47:57:501> <21>
2013-12-08 02:47:57:501> <CERRAR_CF ERROR>
2013-12-08 02:58:06:436> Archivo de entrada:
2013-12-08 02:58:06:436> .\files\selectrapos.txt
2013-12-08 02:58:06:596> Archivo de salida:
2013-12-08 02:58:06:596> .\files\OUT_selectrapos.txt
2013-12-08 02:58:06:596> Puerto serial:
2013-12-08 02:58:06:596> COM1
2013-12-08 02:58:06:596> <ESTABLECER_HORA_FECHA,"131208","024800">
2013-12-08 02:58:06:596> <2>C203120"1"024<3>
2013-12-08 02:58:06:626> <21>
2013-12-08 02:58:06:626> <ESTABLECER_HORA_FECHA ERROR>
2013-12-08 03:18:38:854> Archivo de entrada:
2013-12-08 03:18:38:854> .\files\selectrapos.txt
2013-12-08 03:18:39:004> Archivo de salida:
2013-12-08 03:18:39:004> .\files\OUT_selectrapos.txt
2013-12-08 03:18:39:004> Puerto serial:
2013-12-08 03:18:39:004> COM1
2013-12-08 03:18:39:004> <ESTABLECER_HORA_FECHA,131208,024800>
2013-12-08 03:18:39:004> <2>C081220130248<3>
2013-12-08 03:18:39:114> <6>
2013-12-08 03:18:39:134> 
2013-12-08 03:18:39:134> <ESTABLECER_HORA_FECHA OK>
2013-12-08 03:32:42:636> Archivo de entrada:
2013-12-08 03:32:42:636> .\files\selectrapos.txt
2013-12-08 03:32:42:796> Archivo de salida:
2013-12-08 03:32:42:796> .\files\OUT_selectrapos.txt
2013-12-08 03:32:42:796> Puerto serial:
2013-12-08 03:32:42:796> COM1
2013-12-08 03:32:42:796> <ABRIR_CF,ARMADILLOTECH,1>
2013-12-08 03:32:42:796> <2>L00<3>
2013-12-08 03:32:43:996> <6>
2013-12-08 03:32:43:996> <2>VRazon Social: ARMADILLOTECH             <3>
2013-12-08 03:32:44:226> <6>
2013-12-08 03:32:44:236> <2>VRIF: 1                                  <3>
2013-12-08 03:32:44:436> <6>
2013-12-08 03:32:44:436> <2>V----------------------------------------<3>
2013-12-08 03:32:44:636> <6>
2013-12-08 03:32:44:636> <2>_<3>
2013-12-08 03:32:44:666> <2><1><131><1><1><1><1>1<1><3><6>
2013-12-08 03:32:44:686> 
2013-12-08 03:32:44:686> <ABRIR_CF OK>
2013-12-08 03:32:44:686> <ITEM_CF,HAMBURGUESA RIB EYE.-,1,14,1,0,0>
2013-12-08 03:32:44:696> <2>VHAMBURGUESA RIB EYE.-                   <3>
2013-12-08 03:32:44:896> <6>
2013-12-08 03:32:44:896> <2>N10.001 x 0.14        00000000001<3>
2013-12-08 03:32:44:956> <6>
2013-12-08 03:32:44:976> 
2013-12-08 03:32:44:976> <ITEM_CF 001 OK>
2013-12-08 03:32:44:976> <ITEM_CF,MINI HAMBURGUESAS.-,1,5,1,0,0>
2013-12-08 03:32:44:976> <2>VMINI HAMBURGUESAS.-                     <3>
2013-12-08 03:32:45:176> <6>
2013-12-08 03:32:45:176> <2>N10.001 x 0.05        00000000001<3>
2013-12-08 03:32:45:236> <6>
2013-12-08 03:32:45:266> 
2013-12-08 03:32:45:266> <ITEM_CF 002 OK>
2013-12-08 03:32:45:266> <ITEM_CF,PASTRAMI BURGUER.-,1,9,1,0,0>
2013-12-08 03:32:45:266> <2>VPASTRAMI BURGUER.-                      <3>
2013-12-08 03:32:45:466> <6>
2013-12-08 03:32:45:466> <2>N10.001 x 0.09        00000000001<3>
2013-12-08 03:32:45:526> <6>
2013-12-08 03:32:45:546> 
2013-12-08 03:32:45:546> <ITEM_CF 003 OK>
2013-12-08 03:32:45:546> <SUBTOTAL_CF>
2013-12-08 03:32:45:546> <2>O1<3>
2013-12-08 03:32:49:546> <21>
2013-12-08 03:32:49:546> <SUBTOTAL_CF ERROR>
2013-12-08 03:32:49:546> <PAGO_CF,100>
2013-12-08 03:32:49:546> <2>P1Pago                000000000100<3>
2013-12-08 03:32:49:586> <21>
2013-12-08 03:32:49:586> <PAGO_CF ERROR>
2013-12-08 03:32:49:586> <CERRAR_CF>
2013-12-08 03:32:49:586> <2>_<3>
2013-12-08 03:32:49:616> <2><1><131><1><1><1><1>1<1><3><6>
2013-12-08 03:32:49:616> <2>M<3>
2013-12-08 03:32:49:626> <21>
2013-12-08 03:32:49:626> <CERRAR_CF ERROR>
2013-12-08 03:47:00:878> Archivo de entrada:
2013-12-08 03:47:00:878> .\files\selectrapos.txt
2013-12-08 03:47:01:038> Archivo de salida:
2013-12-08 03:47:01:038> .\files\OUT_selectrapos.txt
2013-12-08 03:47:01:038> Puerto serial:
2013-12-08 03:47:01:038> COM1
2013-12-08 03:47:01:038> <ABRIR_CF,ARMADILLOTECH,1>
2013-12-08 03:47:01:038> <2>L00<3>
2013-12-08 03:47:01:048> <21>
2013-12-08 03:47:01:048> <ABRIR_CF ERROR>
2013-12-08 03:47:01:048> <ITEM_CF,HAMBURGUESA RIB EYE.-,1000,123456,1,0,0>
2013-12-08 03:47:01:048> <2>VHAMBURGUESA RIB EYE.-                   <3>
2013-12-08 03:47:01:248> <6>
2013-12-08 03:47:01:248> <2>N11.000 x 1234.56     00001234561<3>
2013-12-08 03:47:01:498> <6>
2013-12-08 03:47:01:518> 
2013-12-08 03:47:01:518> <ITEM_CF 001 OK>
2013-12-08 03:47:01:518> <ITEM_CF,MINI HAMBURGUESAS.-,1000,234567,1,0,0>
2013-12-08 03:47:01:518> <2>VMINI HAMBURGUESAS.-                     <3>
2013-12-08 03:47:01:718> <6>
2013-12-08 03:47:01:718> <2>N11.000 x 2345.67     00002345671<3>
2013-12-08 03:47:01:968> <6>
2013-12-08 03:47:01:988> 
2013-12-08 03:47:01:988> <ITEM_CF 002 OK>
2013-12-08 03:47:01:988> <ITEM_CF,PASTRAMI BURGUER.-,1000,345678,1,0,0>
2013-12-08 03:47:01:988> <2>VPASTRAMI BURGUER.-                      <3>
2013-12-08 03:47:02:188> <6>
2013-12-08 03:47:02:188> <2>N11.000 x 3456.78     00003456781<3>
2013-12-08 03:47:02:438> <6>
2013-12-08 03:47:02:458> 
2013-12-08 03:47:02:458> <ITEM_CF 003 OK>
2013-12-08 03:47:02:458> <SUBTOTAL_CF>
2013-12-08 03:47:02:458> <2>O1<3>
2013-12-08 03:47:04:458> <2>788145<3><6>
2013-12-08 03:47:04:478> 
2013-12-08 03:47:04:478> <SUBTOTAL_CF OK>
2013-12-08 03:47:04:478> <PAGO_CF,10000000000,PRUEBA>
2013-12-08 03:47:04:478> <2>P1PRUEBA              010000000000<3>
2013-12-08 03:47:04:868> <6>
2013-12-08 03:47:04:898> 
2013-12-08 03:47:04:898> <PAGO_CF OK>
2013-12-08 03:47:04:898> <CERRAR_CF>
2013-12-08 03:47:04:898> <2>_<3>
2013-12-08 03:47:04:918> <2><1><131><1><1><17><1>4<1><3><6>
2013-12-08 03:47:04:918> <2>M<3>
2013-12-08 03:47:05:268> <6>
2013-12-08 03:47:05:288> 
2013-12-08 03:47:05:288> <CERRAR_CF OK>
2013-12-08 03:51:30:079> Archivo de entrada:
2013-12-08 03:51:30:079> .\files\selectrapos.txt
2013-12-08 03:51:30:229> Archivo de salida:
2013-12-08 03:51:30:229> .\files\OUT_selectrapos.txt
2013-12-08 03:51:30:229> Puerto serial:
2013-12-08 03:51:30:229> COM1
2013-12-08 03:51:30:229> <ABRIR_CF,ARMADILLOTECH,1>
2013-12-08 03:51:30:229> <2>L00<3>
2013-12-08 03:51:31:459> <6>
2013-12-08 03:51:31:459> <2>VRazon Social: ARMADILLOTECH             <3>
2013-12-08 03:51:31:669> <6>
2013-12-08 03:51:31:669> <2>VRIF: 1                                  <3>
2013-12-08 03:51:31:869> <6>
2013-12-08 03:51:31:869> <2>V----------------------------------------<3>
2013-12-08 03:51:32:069> <6>
2013-12-08 03:51:32:069> <2>_<3>
2013-12-08 03:51:32:099> <2><1><131><1><1><1><1>1<1><3><6>
2013-12-08 03:51:32:129> 
2013-12-08 03:51:32:129> <ABRIR_CF OK>
2013-12-08 03:51:32:129> <ITEM_CF,HAMBURGUESA RIB EYE,1.0,12.00,1,0,0>
2013-12-08 03:51:32:129> <2>VHAMBURGUESA RIB EYE                     <3>
2013-12-08 03:51:32:329> <6>
2013-12-08 03:51:32:329> <2>N10.001 x 0.12        00000000001<3>
2013-12-08 03:51:32:389> <6>
2013-12-08 03:51:32:409> 
2013-12-08 03:51:32:409> <ITEM_CF 001 OK>
2013-12-08 03:51:32:409> <ITEM_CF,MINI HAMBURGUESAS,1.0,15.00,1,0,0>
2013-12-08 03:51:32:409> <2>VMINI HAMBURGUESAS                       <3>
2013-12-08 03:51:32:619> <6>
2013-12-08 03:51:32:619> <2>N10.001 x 0.15        00000000001<3>
2013-12-08 03:51:32:679> <6>
2013-12-08 03:51:32:699> 
2013-12-08 03:51:32:699> <ITEM_CF 002 OK>
2013-12-08 03:51:32:699> <ITEM_CF,PASTRAMI BURGUER,1.0,20.00,1,0,0>
2013-12-08 03:51:32:699> <2>VPASTRAMI BURGUER                        <3>
2013-12-08 03:51:32:899> <6>
2013-12-08 03:51:32:899> <2>N10.001 x 0.20        00000000001<3>
2013-12-08 03:51:32:959> <6>
2013-12-08 03:51:32:979> 
2013-12-08 03:51:32:979> <ITEM_CF 003 OK>
2013-12-08 03:51:32:979> <SUBTOTAL_CF>
2013-12-08 03:51:32:979> <2>O1<3>
2013-12-08 03:51:36:979> <21>
2013-12-08 03:51:36:979> <SUBTOTAL_CF ERROR>
2013-12-08 03:51:36:979> <PAGO_CF,100.00>
2013-12-08 03:51:36:979> <2>P1Pago                000000100.00<3>
2013-12-08 03:51:37:019> <21>
2013-12-08 03:51:37:019> <PAGO_CF ERROR>
2013-12-08 03:51:37:019> <CERRAR_CF>
2013-12-08 03:51:37:019> <2>_<3>
2013-12-08 03:51:37:049> <2><1><131><1><1><1><1>1<1><3><6>
2013-12-08 03:51:37:049> <2>M<3>
2013-12-08 03:51:37:059> <21>
2013-12-08 03:51:37:059> <CERRAR_CF ERROR>
2013-12-08 03:51:49:059> Archivo de entrada:
2013-12-08 03:51:49:059> .\files\selectrapos.txt
2013-12-08 03:51:49:219> Archivo de salida:
2013-12-08 03:51:49:219> .\files\OUT_selectrapos.txt
2013-12-08 03:51:49:219> Puerto serial:
2013-12-08 03:51:49:219> COM1
2013-12-08 03:51:49:219> <ABRIR_CF,ARMADILLOTECH,1>
2013-12-08 03:51:49:219> <2>L00<3>
2013-12-08 03:51:49:229> <21>
2013-12-08 03:51:49:229> <ABRIR_CF ERROR>
2013-12-08 03:51:49:229> <ITEM_CF,HAMBURGUESA RIB EYE,1.0,12.00,1,0,0>
2013-12-08 03:51:49:229> <2>VHAMBURGUESA RIB EYE                     <3>
2013-12-08 03:51:49:429> <6>
2013-12-08 03:51:49:429> <2>N10.001 x 0.12        00000000001<3>
2013-12-08 03:51:49:489> <6>
2013-12-08 03:51:49:519> 
2013-12-08 03:51:49:519> <ITEM_CF 001 OK>
2013-12-08 03:51:49:519> <ITEM_CF,MINI HAMBURGUESAS,1.0,15.00,1,0,0>
2013-12-08 03:51:49:519> <2>VMINI HAMBURGUESAS                       <3>
2013-12-08 03:51:49:749> <6>
2013-12-08 03:51:49:749> <2>N10.001 x 0.15        00000000001<3>
2013-12-08 03:51:49:799> <6>
2013-12-08 03:51:49:829> 
2013-12-08 03:51:49:829> <ITEM_CF 002 OK>
2013-12-08 03:51:49:829> <ITEM_CF,PASTRAMI BURGUER,1.0,20.00,1,0,0>
2013-12-08 03:51:49:829> <2>VPASTRAMI BURGUER                        <3>
2013-12-08 03:51:50:029> <6>
2013-12-08 03:51:50:029> <2>N10.001 x 0.20        00000000001<3>
2013-12-08 03:51:50:089> <6>
2013-12-08 03:51:50:109> 
2013-12-08 03:51:50:109> <ITEM_CF 003 OK>
2013-12-08 03:51:50:109> <SUBTOTAL_CF>
2013-12-08 03:51:50:109> <2>O1<3>
2013-12-08 03:51:54:109> <21>
2013-12-08 03:51:54:109> <SUBTOTAL_CF ERROR>
2013-12-08 03:51:54:109> <PAGO_CF,100.00>
2013-12-08 03:51:54:109> <2>P1Pago                000000100.00<3>
2013-12-08 03:51:54:149> <21>
2013-12-08 03:51:54:149> <PAGO_CF ERROR>
2013-12-08 03:51:54:149> <CERRAR_CF>
2013-12-08 03:51:54:149> <2>_<3>
2013-12-08 03:51:54:179> <2><1><131><1><1><1><1>1<1><3><6>
2013-12-08 03:51:54:179> <2>M<3>
2013-12-08 03:51:54:189> <21>
2013-12-08 03:51:54:189> <CERRAR_CF ERROR>
2013-12-08 14:36:57:254> Archivo de entrada:
2013-12-08 14:36:57:254> .\files\selectrapos.txt
2013-12-08 14:36:57:457> Archivo de salida:
2013-12-08 14:36:57:457> .\files\OUT_selectrapos.txt
2013-12-08 14:36:57:457> Puerto serial:
2013-12-08 14:36:57:457> COM1
2013-12-08 14:36:57:457> <ABRIR_CF,ARMADILLOTECH,1>
2013-12-08 14:36:57:457> <2>L00<3>
2013-12-08 14:37:00:468> <2>VRazon Social: ARMADILLOTECH             <3>
2013-12-08 14:37:03:479> <2>VRIF: 1                                  <3>
2013-12-08 14:37:06:490> <2>V----------------------------------------<3>
2013-12-08 14:37:09:500> <ABRIR_CF ERROR>
2013-12-08 14:37:09:500> <ITEM_CF,HAMBURGUESA RIB EYE,5000,12000,1,0,0>
2013-12-08 14:37:09:500> <2>VHAMBURGUESA RIB EYE                     <3>
2013-12-08 14:37:12:511> <2>N15.000 x 120.00      00000600001<3>
2013-12-08 14:37:15:522> <ITEM_CF ERROR>
2013-12-08 14:37:15:522> <ITEM_CF,MINI HAMBURGUESAS,4000,15000,1,0,0>
2013-12-08 14:37:15:522> <2>VMINI HAMBURGUESAS                       <3>
2013-12-08 14:37:18:533> <2>N14.000 x 150.00      00000600001<3>
2013-12-08 14:37:21:544> <ITEM_CF ERROR>
2013-12-08 14:37:21:544> <ITEM_CF,PASTRAMI BURGUER,3000,20000,1,0,0>
2013-12-08 14:37:21:544> <2>VPASTRAMI BURGUER                        <3>
2013-12-08 14:37:24:554> <2>N13.000 x 200.00      00000600001<3>
2013-12-08 14:37:27:565> <ITEM_CF ERROR>
2013-12-08 14:37:27:565> <SUBTOTAL_CF>
2013-12-08 14:37:27:565> <2>O1<3>
2013-12-08 14:37:30:607> 
2013-12-08 14:37:30:607> <SUBTOTAL_CF OK>
2013-12-08 14:37:30:607> <PAGO_CF,20000050>
2013-12-08 14:37:30:607> <2>P1Pago                000020000050<3>
2013-12-08 14:37:33:618> <PAGO_CF ERROR>
2013-12-08 14:37:33:618> <CERRAR_CF>
2013-12-08 14:37:33:618> <2>_<3>
2013-12-08 14:37:35:630> 
2013-12-08 14:37:35:630> <2>M<3>
2013-12-08 14:37:39:655> 
2013-12-08 14:37:39:655> <CERRAR_CF OK>
2013-12-08 18:54:03:191> Archivo de entrada:
2013-12-08 18:54:03:191> .\files\selectrapos.txt
2013-12-08 18:54:03:394> Archivo de salida:
2013-12-08 18:54:03:394> .\files\OUT_selectrapos.txt
2013-12-08 18:54:03:394> Puerto serial:
2013-12-08 18:54:03:394> COM1
2013-12-08 18:54:03:394> <ABRIR_CF,ARMADILLOTECH,1>
2013-12-08 18:54:03:394> <2>L00<3>
2013-12-08 18:54:06:404> <2>VRazon Social: ARMADILLOTECH             <3>
2013-12-08 18:54:09:415> <2>VRIF: 1                                  <3>
2013-12-08 18:54:12:426> <2>V----------------------------------------<3>
2013-12-08 18:54:15:437> <ABRIR_CF ERROR>
2013-12-08 18:54:15:437> <ITEM_CF,HAMBURGUESA RIB EYE,00500,001200,1,0,0>
2013-12-08 18:54:15:437> <2>VHAMBURGUESA RIB EYE                     <3>
2013-12-08 18:54:18:448> <2>N10.500 x 12.00       00000006001<3>
2013-12-08 18:54:21:458> <ITEM_CF ERROR>
2013-12-08 18:54:21:458> <ITEM_CF,MINI HAMBURGUESAS,00400,001500,1,0,0>
2013-12-08 18:54:21:458> <2>VMINI HAMBURGUESAS                       <3>
2013-12-08 18:54:24:469> <2>N10.400 x 15.00       00000006001<3>
2013-12-08 18:54:27:480> <ITEM_CF ERROR>
2013-12-08 18:54:27:480> <ITEM_CF,PASTRAMI BURGUER,00300,002000,1,0,0>
2013-12-08 18:54:27:480> <2>VPASTRAMI BURGUER                        <3>
2013-12-08 18:54:30:491> <2>N10.300 x 20.00       00000006001<3>
2013-12-08 18:54:33:502> <ITEM_CF ERROR>
2013-12-08 18:54:33:502> <SUBTOTAL_CF>
2013-12-08 18:54:33:502> <2>O1<3>
2013-12-08 18:54:36:528> 
2013-12-08 18:54:36:528> <SUBTOTAL_CF OK>
2013-12-08 18:54:36:528> <PAGO_CF,0020050>
2013-12-08 18:54:36:528> <2>P1Pago                000000020050<3>
2013-12-08 18:54:39:539> <PAGO_CF ERROR>
2013-12-08 18:54:39:539> <CERRAR_CF>
2013-12-08 18:54:39:539> <2>_<3>
2013-12-08 18:54:41:551> 
2013-12-08 18:54:41:551> <2>M<3>
2013-12-08 18:54:45:576> 
2013-12-08 18:54:45:576> <CERRAR_CF OK>
2013-12-08 18:57:01:171> Archivo de entrada:
2013-12-08 18:57:01:171> .\files\selectrapos.txt
2013-12-08 18:57:01:374> Archivo de salida:
2013-12-08 18:57:01:374> .\files\OUT_selectrapos.txt
2013-12-08 18:57:01:374> Puerto serial:
2013-12-08 18:57:01:374> COM1
2013-12-08 18:57:01:374> <ABRIR_CF,ARMADILLOTECH,1>
2013-12-08 18:57:01:374> <2>L00<3>
2013-12-08 18:57:04:385> <2>VRazon Social: ARMADILLOTECH             <3>
2013-12-08 18:57:07:396> <2>VRIF: 1                                  <3>
2013-12-08 18:57:10:407> <2>V----------------------------------------<3>
2013-12-08 18:57:13:418> <ABRIR_CF ERROR>
2013-12-08 18:57:13:418> <ITEM_CF,HAMBURGUESA RIB EYE,5000,001200,1,0,0>
2013-12-08 18:57:13:418> <2>VHAMBURGUESA RIB EYE                     <3>
2013-12-08 18:57:16:428> <2>N15.000 x 12.00       00000060001<3>
2013-12-08 18:57:19:439> <ITEM_CF ERROR>
2013-12-08 18:57:19:439> <ITEM_CF,MINI HAMBURGUESAS,4000,001500,1,0,0>
2013-12-08 18:57:19:439> <2>VMINI HAMBURGUESAS                       <3>
2013-12-08 18:57:22:450> <2>N14.000 x 15.00       00000060001<3>
2013-12-08 18:57:25:461> <ITEM_CF ERROR>
2013-12-08 18:57:25:461> <ITEM_CF,PASTRAMI BURGUER,3000,002000,1,0,0>
2013-12-08 18:57:25:461> <2>VPASTRAMI BURGUER                        <3>
2013-12-08 18:57:28:472> <2>N13.000 x 20.00       00000060001<3>
2013-12-08 18:57:31:482> <ITEM_CF ERROR>
2013-12-08 18:57:31:482> <SUBTOTAL_CF>
2013-12-08 18:57:31:482> <2>O1<3>
2013-12-08 18:57:34:509> 
2013-12-08 18:57:34:509> <SUBTOTAL_CF OK>
2013-12-08 18:57:34:509> <PAGO_CF,0020050>
2013-12-08 18:57:34:509> <2>P1Pago                000000020050<3>
2013-12-08 18:57:37:520> <PAGO_CF ERROR>
2013-12-08 18:57:37:520> <CERRAR_CF>
2013-12-08 18:57:37:520> <2>_<3>
2013-12-08 18:57:39:532> 
2013-12-08 18:57:39:532> <2>M<3>
2013-12-08 18:57:43:557> 
2013-12-08 18:57:43:557> <CERRAR_CF OK>
2013-12-08 18:58:51:778> Archivo de entrada:
2013-12-08 18:58:51:778> .\files\selectrapos.txt
2013-12-08 18:58:51:981> Archivo de salida:
2013-12-08 18:58:51:981> .\files\OUT_selectrapos.txt
2013-12-08 18:58:51:981> Puerto serial:
2013-12-08 18:58:51:981> COM1
2013-12-08 18:58:51:981> <ABRIR_CF,ARMADILLOTECH,1>
2013-12-08 18:58:51:981> <2>L00<3>
2013-12-08 18:58:54:992> <2>VRazon Social: ARMADILLOTECH             <3>
2013-12-08 18:58:58:003> <2>VRIF: 1                                  <3>
2013-12-08 18:59:01:013> <2>V----------------------------------------<3>
2013-12-08 18:59:04:024> <ABRIR_CF ERROR>
2013-12-08 18:59:04:024> <ITEM_CF,HAMBURGUESA RIB EYE,5000,1200,1,0,0>
2013-12-08 18:59:04:024> <2>VHAMBURGUESA RIB EYE                     <3>
2013-12-08 18:59:07:035> <2>N15.000 x 12.00       00000060001<3>
2013-12-08 18:59:10:046> <ITEM_CF ERROR>
2013-12-08 18:59:10:046> <ITEM_CF,MINI HAMBURGUESAS,4000,1500,1,0,0>
2013-12-08 18:59:10:046> <2>VMINI HAMBURGUESAS                       <3>
2013-12-08 18:59:13:057> <2>N14.000 x 15.00       00000060001<3>
2013-12-08 18:59:16:067> <ITEM_CF ERROR>
2013-12-08 18:59:16:067> <ITEM_CF,PASTRAMI BURGUER,3000,2000,1,0,0>
2013-12-08 18:59:16:067> <2>VPASTRAMI BURGUER                        <3>
2013-12-08 18:59:19:078> <2>N13.000 x 20.00       00000060001<3>
2013-12-08 18:59:22:089> <ITEM_CF ERROR>
2013-12-08 18:59:22:089> <SUBTOTAL_CF>
2013-12-08 18:59:22:089> <2>O1<3>
2013-12-08 18:59:25:115> 
2013-12-08 18:59:25:115> <SUBTOTAL_CF OK>
2013-12-08 18:59:25:115> <PAGO_CF,20050>
2013-12-08 18:59:25:115> <2>P1Pago                000000020050<3>
2013-12-08 18:59:28:126> <PAGO_CF ERROR>
2013-12-08 18:59:28:126> <CERRAR_CF>
2013-12-08 18:59:28:126> <2>_<3>
2013-12-08 18:59:30:139> 
2013-12-08 18:59:30:139> <2>M<3>
2013-12-08 18:59:34:163> 
2013-12-08 18:59:34:163> <CERRAR_CF OK>
2013-12-08 19:03:38:996> Archivo de entrada:
2013-12-08 19:03:39:027> .\files\selectrapos.txt
2013-12-08 19:03:39:230> Archivo de salida:
2013-12-08 19:03:39:230> .\files\OUT_selectrapos.txt
2013-12-08 19:03:39:230> Puerto serial:
2013-12-08 19:03:39:230> COM1
2013-12-08 19:03:39:230> <ABRIR_CF,ARMADILLOTECH,1>
2013-12-08 19:03:39:230> <2>L00<3>
2013-12-08 19:03:39:230> <255>
2013-12-08 19:03:39:230> <2>VRazon Social: ARMADILLOTECH             <3>
2013-12-08 19:03:40:463> <6>
2013-12-08 19:03:40:463> <2>VRIF: 1                                  <3>
2013-12-08 19:03:40:665> <6>
2013-12-08 19:03:40:665> <2>V----------------------------------------<3>
2013-12-08 19:03:40:868> <6>
2013-12-08 19:03:40:868> <2>_<3>
2013-12-08 19:03:40:899> <2><1><131><1><1><1><1>1<1><3><6>
2013-12-08 19:03:40:915> 
2013-12-08 19:03:40:915> <ABRIR_CF OK>
2013-12-08 19:03:40:915> <ITEM_CF,HAMBURGUESA RIB EYE,5000,1200,1,0,0>
2013-12-08 19:03:40:915> <2>VHAMBURGUESA RIB EYE                     <3>
2013-12-08 19:03:41:118> <6>
2013-12-08 19:03:41:118> <2>N15.000 x 12.00       00000060001<3>
2013-12-08 19:03:41:367> <6>
2013-12-08 19:03:41:383> 
2013-12-08 19:03:41:383> <ITEM_CF 001 OK>
2013-12-08 19:03:41:383> <ITEM_CF,MINI HAMBURGUESAS,4000,1500,1,0,0>
2013-12-08 19:03:41:383> <2>VMINI HAMBURGUESAS                       <3>
2013-12-08 19:03:41:601> <6>
2013-12-08 19:03:41:601> <2>N14.000 x 15.00       00000060001<3>
2013-12-08 19:03:41:835> <6>
2013-12-08 19:03:41:867> 
2013-12-08 19:03:41:867> <ITEM_CF 002 OK>
2013-12-08 19:03:41:867> <ITEM_CF,PASTRAMI BURGUER,3000,2000,1,0,0>
2013-12-08 19:03:41:867> <2>VPASTRAMI BURGUER                        <3>
2013-12-08 19:03:42:069> <6>
2013-12-08 19:03:42:069> <2>N13.000 x 20.00       00000060001<3>
2013-12-08 19:03:42:303> <6>
2013-12-08 19:03:42:335> 
2013-12-08 19:03:42:335> <ITEM_CF 003 OK>
2013-12-08 19:03:42:335> <SUBTOTAL_CF>
2013-12-08 19:03:42:335> <2>O1<3>
2013-12-08 19:03:44:347> <2>20160<3><6>
2013-12-08 19:03:44:363> 
2013-12-08 19:03:44:363> <SUBTOTAL_CF OK>
2013-12-08 19:03:44:363> <PAGO_CF,21050>
2013-12-08 19:03:44:363> <2>P1Pago                000000021050<3>
2013-12-08 19:03:44:753> <6>
2013-12-08 19:03:44:784> 
2013-12-08 19:03:44:784> <PAGO_CF OK>
2013-12-08 19:03:44:784> <CERRAR_CF>
2013-12-08 19:03:44:784> <2>_<3>
2013-12-08 19:03:44:799> <2><1><131><1><1><17><1>4<1><3><6>
2013-12-08 19:03:44:799> <2>M<3>
2013-12-08 19:03:45:158> <6>
2013-12-08 19:03:45:174> 
2013-12-08 19:03:45:174> <CERRAR_CF OK>
2013-12-08 21:17:27:296> Archivo de entrada:
2013-12-08 21:17:27:306> .\files\selectrapos.txt
2013-12-08 21:17:27:456> Archivo de salida:
2013-12-08 21:17:27:456> .\files\OUT_selectrapos.txt
2013-12-08 21:17:27:456> Puerto serial:
2013-12-08 21:17:27:456> COM1
2013-12-08 21:17:27:456> <ABRIR_CF,ARMADILLOTECH,1>
2013-12-08 21:17:27:456> <2>L00<3>
2013-12-08 21:17:28:686> <6>
2013-12-08 21:17:28:686> <2>VRazon Social: ARMADILLOTECH             <3>
2013-12-08 21:17:28:896> <6>
2013-12-08 21:17:28:896> <2>VRIF: 1                                  <3>
2013-12-08 21:17:29:096> <6>
2013-12-08 21:17:29:096> <2>V----------------------------------------<3>
2013-12-08 21:17:29:296> <6>
2013-12-08 21:17:29:296> <2>_<3>
2013-12-08 21:17:29:326> <2><1><131><1><1><1><1>1<1><3><6>
2013-12-08 21:17:29:356> 
2013-12-08 21:17:29:356> <ABRIR_CF OK>
2013-12-08 21:17:29:356> <ITEM_CF,HAMBURGUESA RIB EYE,10000,1200,1,0,0>
2013-12-08 21:17:29:356> <2>VHAMBURGUESA RIB EYE                     <3>
2013-12-08 21:17:29:556> <6>
2013-12-08 21:17:29:556> <2>N110.000 x 12.00      00000120001<3>
2013-12-08 21:17:29:796> <6>
2013-12-08 21:17:29:816> 
2013-12-08 21:17:29:816> <ITEM_CF 001 OK>
2013-12-08 21:17:29:826> <ITEM_CF,MINI HAMBURGUESAS,4000,1500,1,0,0>
2013-12-08 21:17:29:826> <2>VMINI HAMBURGUESAS                       <3>
2013-12-08 21:17:30:026> <6>
2013-12-08 21:17:30:026> <2>N14.000 x 15.00       00000060001<3>
2013-12-08 21:17:30:266> <6>
2013-12-08 21:17:30:286> 
2013-12-08 21:17:30:296> <ITEM_CF 002 OK>
2013-12-08 21:17:30:296> <ITEM_CF,PASTRAMI BURGUER,3000,2000,1,0,0>
2013-12-08 21:17:30:296> <2>VPASTRAMI BURGUER                        <3>
2013-12-08 21:17:30:496> <6>
2013-12-08 21:17:30:496> <2>N13.000 x 20.00       00000060001<3>
2013-12-08 21:17:30:736> <6>
2013-12-08 21:17:30:756> 
2013-12-08 21:17:30:756> <ITEM_CF 003 OK>
2013-12-08 21:17:30:766> <SUBTOTAL_CF>
2013-12-08 21:17:30:766> <2>O1<3>
2013-12-08 21:17:32:766> <2>26880<3><6>
2013-12-08 21:17:32:786> 
2013-12-08 21:17:32:786> <SUBTOTAL_CF OK>
2013-12-08 21:17:32:786> <PAGO_CF,25050>
2013-12-08 21:17:32:786> <2>P1Pago                000000025050<3>
2013-12-08 21:17:33:026> <6>
2013-12-08 21:17:33:046> 
2013-12-08 21:17:33:046> <PAGO_CF OK>
2013-12-08 21:17:33:046> <CERRAR_CF>
2013-12-08 21:17:33:046> <2>_<3>
2013-12-08 21:17:33:076> <2><1><131><1><1><17><1>4<1><3><6>
2013-12-08 21:17:33:076> <2>M<3>
2013-12-08 21:17:33:426> <6>
2013-12-08 21:17:33:446> 
2013-12-08 21:17:33:446> <CERRAR_CF OK>
2013-12-08 21:23:06:626> Archivo de entrada:
2013-12-08 21:23:06:626> .\files\selectrapos.txt
2013-12-08 21:23:06:786> Archivo de salida:
2013-12-08 21:23:06:786> .\files\OUT_selectrapos.txt
2013-12-08 21:23:06:786> Puerto serial:
2013-12-08 21:23:06:786> COM1
2013-12-08 21:23:06:786> <ABRIR_CF,ARMADILLOTECH,1>
2013-12-08 21:23:06:786> <2>L00<3>
2013-12-08 21:23:08:256> <6>
2013-12-08 21:23:08:256> <2>VRazon Social: ARMADILLOTECH             <3>
2013-12-08 21:23:08:466> <6>
2013-12-08 21:23:08:466> <2>VRIF: 1                                  <3>
2013-12-08 21:23:08:666> <6>
2013-12-08 21:23:08:666> <2>V----------------------------------------<3>
2013-12-08 21:23:08:866> <6>
2013-12-08 21:23:08:866> <2>_<3>
2013-12-08 21:23:08:896> <2><1><131><1><1><1><1>1<1><3><6>
2013-12-08 21:23:08:926> 
2013-12-08 21:23:08:926> <ABRIR_CF OK>
2013-12-08 21:23:08:926> <ITEM_CF,HAMBURGUESA RIB EYE,10000,200,1,0,0>
2013-12-08 21:23:08:926> <2>VHAMBURGUESA RIB EYE                     <3>
2013-12-08 21:23:09:126> <6>
2013-12-08 21:23:09:126> <2>N110.000 x 2.00       00000020001<3>
2013-12-08 21:23:09:366> <6>
2013-12-08 21:23:09:386> 
2013-12-08 21:23:09:396> <ITEM_CF 001 OK>
2013-12-08 21:23:09:396> <ITEM_CF,MINI HAMBURGUESAS,4000,500,1,0,0>
2013-12-08 21:23:09:396> <2>VMINI HAMBURGUESAS                       <3>
2013-12-08 21:23:09:596> <6>
2013-12-08 21:23:09:596> <2>N14.000 x 5.00        00000020001<3>
2013-12-08 21:23:09:836> <6>
2013-12-08 21:23:09:856> 
2013-12-08 21:23:09:856> <ITEM_CF 002 OK>
2013-12-08 21:23:09:866> <ITEM_CF,PASTRAMI BURGUER,3000,300,1,0,0>
2013-12-08 21:23:09:866> <2>VPASTRAMI BURGUER                        <3>
2013-12-08 21:23:10:096> <6>
2013-12-08 21:23:10:096> <2>N13.000 x 3.00        00000009001<3>
2013-12-08 21:23:10:336> <6>
2013-12-08 21:23:10:356> 
2013-12-08 21:23:10:356> <ITEM_CF 003 OK>
2013-12-08 21:23:10:356> <SUBTOTAL_CF>
2013-12-08 21:23:10:356> <2>O1<3>
2013-12-08 21:23:12:356> <2>5488<3><6>
2013-12-08 21:23:12:376> 
2013-12-08 21:23:12:376> <SUBTOTAL_CF OK>
2013-12-08 21:23:12:376> <PAGO_CF,10000>
2013-12-08 21:23:12:376> <2>P1Pago                000000010000<3>
2013-12-08 21:23:12:766> <6>
2013-12-08 21:23:12:786> 
2013-12-08 21:23:12:796> <PAGO_CF OK>
2013-12-08 21:23:12:796> <CERRAR_CF>
2013-12-08 21:23:12:796> <2>_<3>
2013-12-08 21:23:12:816> <2><1><131><1><1><17><1>4<1><3><6>
2013-12-08 21:23:12:816> <2>M<3>
2013-12-08 21:23:13:166> <6>
2013-12-08 21:23:13:186> 
2013-12-08 21:23:13:186> <CERRAR_CF OK>
2013-12-08 21:49:11:128> Archivo de entrada:
2013-12-08 21:49:11:128> .\files\selectrapos.txt
2013-12-08 21:49:11:288> Archivo de salida:
2013-12-08 21:49:11:288> .\files\OUT_selectrapos.txt
2013-12-08 21:49:11:288> Puerto serial:
2013-12-08 21:49:11:288> COM1
2013-12-08 21:49:11:288> <ABRIR_CF,ARMADILLOTECH,1>
2013-12-08 21:49:11:288> <2>L00<3>
2013-12-08 21:49:12:518> <6>
2013-12-08 21:49:12:518> <2>VRazon Social: ARMADILLOTECH             <3>
2013-12-08 21:49:12:728> <6>
2013-12-08 21:49:12:728> <2>VRIF: 1                                  <3>
2013-12-08 21:49:12:928> <6>
2013-12-08 21:49:12:928> <2>V----------------------------------------<3>
2013-12-08 21:49:13:138> <6>
2013-12-08 21:49:13:138> <2>_<3>
2013-12-08 21:49:13:158> <2><1><131><1><1><1><1>1<1><3><6>
2013-12-08 21:49:13:188> 
2013-12-08 21:49:13:188> <ABRIR_CF OK>
2013-12-08 21:49:13:188> <ITEM_CF,HAMBURGUESA RIB EYE,10000,250,1,0,0>
2013-12-08 21:49:13:188> <2>VHAMBURGUESA RIB EYE                     <3>
2013-12-08 21:49:13:388> <6>
2013-12-08 21:49:13:388> <2>N110.000 x 2.50       00000025001<3>
2013-12-08 21:49:13:658> <6>
2013-12-08 21:49:13:678> 
2013-12-08 21:49:13:678> <ITEM_CF 001 OK>
2013-12-08 21:49:13:688> <ITEM_CF,MINI HAMBURGUESAS,4000,540,0,0,0>
2013-12-08 21:49:13:688> <2>VMINI HAMBURGUESAS                       <3>
2013-12-08 21:49:13:888> <6>
2013-12-08 21:49:13:888> <2>N14.000 x 5.40        00000021600<3>
2013-12-08 21:49:14:128> <6>
2013-12-08 21:49:14:158> 
2013-12-08 21:49:14:158> <ITEM_CF 002 OK>
2013-12-08 21:49:14:158> <ITEM_CF,PASTRAMI BURGUER,3000,360,1,0,0>
2013-12-08 21:49:14:158> <2>VPASTRAMI BURGUER                        <3>
2013-12-08 21:49:14:358> <6>
2013-12-08 21:49:14:358> <2>N13.000 x 3.60        00000010801<3>
2013-12-08 21:49:14:598> <6>
2013-12-08 21:49:14:628> 
2013-12-08 21:49:14:628> <ITEM_CF 003 OK>
2013-12-08 21:49:14:628> <SUBTOTAL_CF>
2013-12-08 21:49:14:628> <2>O1<3>
2013-12-08 21:49:16:628> <2>6170<3><6>
2013-12-08 21:49:16:648> 
2013-12-08 21:49:16:648> <SUBTOTAL_CF OK>
2013-12-08 21:49:16:648> <PAGO_CF,7000>
2013-12-08 21:49:16:648> <2>P1Pago                000000007000<3>
2013-12-08 21:49:17:068> <6>
2013-12-08 21:49:17:088> 
2013-12-08 21:49:17:088> <PAGO_CF OK>
2013-12-08 21:49:17:088> <CERRAR_CF>
2013-12-08 21:49:17:088> <2>_<3>
2013-12-08 21:49:17:118> <2><1><131><1><1><17><1>4<1><3><6>
2013-12-08 21:49:17:118> <2>M<3>
2013-12-08 21:49:17:488> <6>
2013-12-08 21:49:17:508> 
2013-12-08 21:49:17:508> <CERRAR_CF OK>
2013-12-09 01:17:08:496> Archivo de entrada:
2013-12-09 01:17:08:496> .\files\selectrapos.txt
2013-12-09 01:17:08:646> Archivo de salida:
2013-12-09 01:17:08:646> .\files\OUT_selectrapos.txt
2013-12-09 01:17:08:646> Puerto serial:
2013-12-09 01:17:08:646> COM1
2013-12-09 01:17:08:646> <ABRIR_CF,ARMADILLOTECH,1>
2013-12-09 01:17:08:646> <2>L00<3>
2013-12-09 01:17:09:856> <6>
2013-12-09 01:17:09:856> <2>VRazon Social: ARMADILLOTECH             <3>
2013-12-09 01:17:10:086> <6>
2013-12-09 01:17:10:086> <2>VRIF: 1                                  <3>
2013-12-09 01:17:10:286> <6>
2013-12-09 01:17:10:286> <2>V----------------------------------------<3>
2013-12-09 01:17:10:496> <6>
2013-12-09 01:17:10:496> <2>_<3>
2013-12-09 01:17:10:526> <2><1><131><1><1><1><1>1<1><3><6>
2013-12-09 01:17:10:546> 
2013-12-09 01:17:10:546> <ABRIR_CF OK>
2013-12-09 01:17:10:546> <ITEM_CF,MINI HAMBURGUESAS,3000,5050,0,0,0>
2013-12-09 01:17:10:546> <2>VMINI HAMBURGUESAS                       <3>
2013-12-09 01:17:10:746> <6>
2013-12-09 01:17:10:746> <2>N13.000 x 50.50       00000151500<3>
2013-12-09 01:17:10:996> <6>
2013-12-09 01:17:11:016> 
2013-12-09 01:17:11:016> <ITEM_CF 001 OK>
2013-12-09 01:17:11:016> <SUBTOTAL_CF>
2013-12-09 01:17:11:016> <2>O1<3>
2013-12-09 01:17:13:016> <2>15150<3><6>
2013-12-09 01:17:13:036> 
2013-12-09 01:17:13:036> <SUBTOTAL_CF OK>
2013-12-09 01:17:13:036> <PAGO_CF,170>
2013-12-09 01:17:13:036> <2>P1Pago                000000000170<3>
2013-12-09 01:17:13:276> <6>
2013-12-09 01:17:13:296> 
2013-12-09 01:17:13:296> <PAGO_CF OK>
2013-12-09 01:17:13:296> <CERRAR_CF>
2013-12-09 01:17:13:296> <2>_<3>
2013-12-09 01:17:13:326> <2><1><131><1><1><17><1>4<1><3><6>
2013-12-09 01:17:13:326> <2>M<3>
2013-12-09 01:17:13:676> <6>
2013-12-09 01:17:13:696> 
2013-12-09 01:17:13:696> <CERRAR_CF OK>
2013-12-14 12:26:52:233> Archivo de entrada:
2013-12-14 12:26:52:233> .\files\selectrapos.txt
2013-12-14 12:26:52:233> Error no se puede abrir el puerto
2013-12-14 12:26:52:233> Archivo de salida:
2013-12-14 12:26:52:233> .\files\OUT_selectrapos.txt
2013-12-14 12:26:52:233> Puerto serial:
2013-12-14 12:26:52:233> COM1
2013-12-14 12:27:11:403> Archivo de entrada:
2013-12-14 12:27:11:403> .\files\selectrapos.txt
2013-12-14 12:27:11:403> Error no se puede abrir el puerto
2013-12-14 12:27:11:403> Archivo de salida:
2013-12-14 12:27:11:403> .\files\OUT_selectrapos.txt
2013-12-14 12:27:11:403> Puerto serial:
2013-12-14 12:27:11:403> COM1
2013-12-14 12:29:42:164> Archivo de entrada:
2013-12-14 12:29:42:164> .\files\selectrapos.txt
2013-12-14 12:29:42:324> Archivo de salida:
2013-12-14 12:29:42:324> .\files\OUT_selectrapos.txt
2013-12-14 12:29:42:324> Puerto serial:
2013-12-14 12:29:42:324> COM1
2013-12-14 12:29:42:324> <ABRIR_CF,ARMADILLOTECH,1>
2013-12-14 12:29:42:324> <2>L00<3>
2013-12-14 12:29:43:534> <6>
2013-12-14 12:29:43:534> <2>VRazon Social: ARMADILLOTECH             <3>
2013-12-14 12:29:43:734> <6>
2013-12-14 12:29:43:734> <2>VRIF: 1                                  <3>
2013-12-14 12:29:43:974> <6>
2013-12-14 12:29:43:974> <2>V----------------------------------------<3>
2013-12-14 12:29:44:174> <6>
2013-12-14 12:29:44:174> <2>_<3>
2013-12-14 12:29:44:204> <2><1><131><1><1><1><1>1<1><3><6>
2013-12-14 12:29:44:224> 
2013-12-14 12:29:44:224> <ABRIR_CF OK>
2013-12-14 12:29:44:224> <ITEM_CF,MIX,1000,899,0,0,0>
2013-12-14 12:29:44:224> <2>VMIX                                     <3>
2013-12-14 12:29:44:434> <6>
2013-12-14 12:29:44:434> <2>N11.000 x 8.99        00000008990<3>
2013-12-14 12:29:44:674> <6>
2013-12-14 12:29:44:694> 
2013-12-14 12:29:44:694> <ITEM_CF 001 OK>
2013-12-14 12:29:44:694> <ITEM_CF,PASTRAMI  SHOULDER,1000,999,0,0,0>
2013-12-14 12:29:44:694> <2>VPASTRAMI  SHOULDER                      <3>
2013-12-14 12:29:44:904> <6>
2013-12-14 12:29:44:904> <2>N11.000 x 9.99        00000009990<3>
2013-12-14 12:29:45:144> <6>
2013-12-14 12:29:45:164> 
2013-12-14 12:29:45:164> <ITEM_CF 002 OK>
2013-12-14 12:29:45:164> <ITEM_CF,PAVO DELIGHT,4000,799,0,0,0>
2013-12-14 12:29:45:164> <2>VPAVO DELIGHT                            <3>
2013-12-14 12:29:45:374> <6>
2013-12-14 12:29:45:374> <2>N14.000 x 7.99        00000031960<3>
2013-12-14 12:29:45:614> <6>
2013-12-14 12:29:45:634> 
2013-12-14 12:29:45:634> <ITEM_CF 003 OK>
2013-12-14 12:29:45:634> <SUBTOTAL_CF>
2013-12-14 12:29:45:644> <2>O1<3>
2013-12-14 12:29:47:644> <2>5094<3><6>
2013-12-14 12:29:47:664> 
2013-12-14 12:29:47:664> <SUBTOTAL_CF OK>
2013-12-14 12:29:47:664> <PAGO_CF,5094>
2013-12-14 12:29:47:664> <2>P1Pago                000000005094<3>
2013-12-14 12:29:47:904> <6>
2013-12-14 12:29:47:924> 
2013-12-14 12:29:47:924> <PAGO_CF OK>
2013-12-14 12:29:47:924> <CERRAR_CF>
2013-12-14 12:29:47:924> <2>_<3>
2013-12-14 12:29:47:954> <2><1><131><1><1><17><1>4<1><3><6>
2013-12-14 12:29:47:954> <2>M<3>
2013-12-14 12:29:48:324> <6>
2013-12-14 12:29:48:354> 
2013-12-14 12:29:48:354> <CERRAR_CF OK>
2013-12-14 12:38:16:485> Archivo de entrada:
2013-12-14 12:38:16:485> .\files\selectrapos.txt
2013-12-14 12:38:16:645> Archivo de salida:
2013-12-14 12:38:16:645> .\files\OUT_selectrapos.txt
2013-12-14 12:38:16:645> Puerto serial:
2013-12-14 12:38:16:645> COM1
2013-12-14 12:38:16:645> <ABRIR_CF,ARMADILLOTECH,1>
2013-12-14 12:38:16:645> <2>L00<3>
2013-12-14 12:38:17:855> <6>
2013-12-14 12:38:17:855> <2>VRazon Social: ARMADILLOTECH             <3>
2013-12-14 12:38:18:055> <6>
2013-12-14 12:38:18:055> <2>VRIF: 1                                  <3>
2013-12-14 12:38:18:265> <6>
2013-12-14 12:38:18:265> <2>V----------------------------------------<3>
2013-12-14 12:38:18:495> <6>
2013-12-14 12:38:18:495> <2>_<3>
2013-12-14 12:38:18:515> <2><1><131><1><1><1><1>1<1><3><6>
2013-12-14 12:38:18:545> 
2013-12-14 12:38:18:545> <ABRIR_CF OK>
2013-12-14 12:38:18:545> <ITEM_CF,MIX,1000,899,0,0,0>
2013-12-14 12:38:18:545> <2>VMIX                                     <3>
2013-12-14 12:38:18:745> <6>
2013-12-14 12:38:18:745> <2>N11.000 x 8.99        00000008990<3>
2013-12-14 12:38:18:985> <6>
2013-12-14 12:38:19:015> 
2013-12-14 12:38:19:015> <ITEM_CF 001 OK>
2013-12-14 12:38:19:015> <ITEM_CF,PAVO GRILL,1000,799,0,0,0>
2013-12-14 12:38:19:015> <2>VPAVO GRILL                              <3>
2013-12-14 12:38:19:215> <6>
2013-12-14 12:38:19:215> <2>N11.000 x 7.99        00000007990<3>
2013-12-14 12:38:19:455> <6>
2013-12-14 12:38:19:485> 
2013-12-14 12:38:19:485> <ITEM_CF 002 OK>
2013-12-14 12:38:19:485> <ITEM_CF,SALAMI,1000,799,0,0,0>
2013-12-14 12:38:19:485> <2>VSALAMI                                  <3>
2013-12-14 12:38:19:685> <6>
2013-12-14 12:38:19:685> <2>N11.000 x 7.99        00000007990<3>
2013-12-14 12:38:19:925> <6>
2013-12-14 12:38:19:955> 
2013-12-14 12:38:19:955> <ITEM_CF 003 OK>
2013-12-14 12:38:19:955> <SUBTOTAL_CF>
2013-12-14 12:38:19:955> <2>O1<3>
2013-12-14 12:38:21:955> <2>2497<3><6>
2013-12-14 12:38:21:975> 
2013-12-14 12:38:21:975> <SUBTOTAL_CF OK>
2013-12-14 12:38:21:975> <PAGO_CF,2497>
2013-12-14 12:38:21:975> <2>P1Pago                000000002497<3>
2013-12-14 12:38:22:215> <6>
2013-12-14 12:38:22:235> 
2013-12-14 12:38:22:235> <PAGO_CF OK>
2013-12-14 12:38:22:235> <CERRAR_CF>
2013-12-14 12:38:22:235> <2>_<3>
2013-12-14 12:38:22:265> <2><1><131><1><1><17><1>4<1><3><6>
2013-12-14 12:38:22:265> <2>M<3>
2013-12-14 12:38:22:615> <6>
2013-12-14 12:38:22:635> 
2013-12-14 12:38:22:635> <CERRAR_CF OK>
2013-12-14 12:54:28:848> Archivo de entrada:
2013-12-14 12:54:28:848> .\files\selectrapos.txt
2013-12-14 12:54:29:008> Archivo de salida:
2013-12-14 12:54:29:008> .\files\OUT_selectrapos.txt
2013-12-14 12:54:29:008> Puerto serial:
2013-12-14 12:54:29:008> COM1
2013-12-14 12:54:29:008> <ABRIR_CF,ARMADILLOTECH,1>
2013-12-14 12:54:29:008> <2>L00<3>
2013-12-14 12:54:30:238> <6>
2013-12-14 12:54:30:238> <2>VRazon Social: ARMADILLOTECH             <3>
2013-12-14 12:54:30:448> <6>
2013-12-14 12:54:30:448> <2>VRIF: 1                                  <3>
2013-12-14 12:54:30:648> <6>
2013-12-14 12:54:30:648> <2>V----------------------------------------<3>
2013-12-14 12:54:30:848> <6>
2013-12-14 12:54:30:848> <2>_<3>
2013-12-14 12:54:30:878> <2><1><131><1><1><1><1>1<1><3><6>
2013-12-14 12:54:30:908> 
2013-12-14 12:54:30:908> <ABRIR_CF OK>
2013-12-14 12:54:30:908> <ITEM_CF,BISTEC,1000,1199,0,0,0>
2013-12-14 12:54:30:908> <2>VBISTEC                                  <3>
2013-12-14 12:54:31:138> <6>
2013-12-14 12:54:31:138> <2>N11.000 x 11.99       00000011990<3>
2013-12-14 12:54:31:378> <6>
2013-12-14 12:54:31:408> 
2013-12-14 12:54:31:408> <ITEM_CF 001 OK>
2013-12-14 12:54:31:408> <ITEM_CF,MILANESA SH BISLI,1000,1099,0,0,0>
2013-12-14 12:54:31:408> <2>VMILANESA SH BISLI                       <3>
2013-12-14 12:54:31:608> <6>
2013-12-14 12:54:31:608> <2>N11.000 x 10.99       00000010990<3>
2013-12-14 12:54:31:848> <6>
2013-12-14 12:54:31:878> 
2013-12-14 12:54:31:878> <ITEM_CF 002 OK>
2013-12-14 12:54:31:878> <SUBTOTAL_CF>
2013-12-14 12:54:31:878> <2>O1<3>
2013-12-14 12:54:33:878> <2>2298<3><6>
2013-12-14 12:54:33:898> 
2013-12-14 12:54:33:898> <SUBTOTAL_CF OK>
2013-12-14 12:54:33:898> <PAGO_CF,2298>
2013-12-14 12:54:33:898> <2>P1Pago                000000002298<3>
2013-12-14 12:54:34:138> <6>
2013-12-14 12:54:34:158> 
2013-12-14 12:54:34:158> <PAGO_CF OK>
2013-12-14 12:54:34:158> <CERRAR_CF>
2013-12-14 12:54:34:158> <2>_<3>
2013-12-14 12:54:34:188> <2><1><131><1><1><17><1>4<1><3><6>
2013-12-14 12:54:34:188> <2>M<3>
2013-12-14 12:54:34:538> <6>
2013-12-14 12:54:34:558> 
2013-12-14 12:54:34:558> <CERRAR_CF OK>
2013-12-14 15:19:45:920> Archivo de entrada:
2013-12-14 15:19:45:920> .\files\selectrapos.txt
2013-12-14 15:19:46:080> Archivo de salida:
2013-12-14 15:19:46:080> .\files\OUT_selectrapos.txt
2013-12-14 15:19:46:080> Puerto serial:
2013-12-14 15:19:46:080> COM1
2013-12-14 15:19:46:080> <ABRIR_CF,ARMADILLOTECH,1>
2013-12-14 15:19:46:080> <2>L00<3>
2013-12-14 15:19:47:310> <6>
2013-12-14 15:19:47:310> <2>VRazon Social: ARMADILLOTECH             <3>
2013-12-14 15:19:47:520> <6>
2013-12-14 15:19:47:520> <2>VRIF: 1                                  <3>
2013-12-14 15:19:47:720> <6>
2013-12-14 15:19:47:720> <2>V----------------------------------------<3>
2013-12-14 15:19:47:930> <6>
2013-12-14 15:19:47:930> <2>_<3>
2013-12-14 15:19:47:950> <2><1><131><1><1><1><1>1<1><3><6>
2013-12-14 15:19:47:980> 
2013-12-14 15:19:47:980> <ABRIR_CF OK>
2013-12-14 15:19:47:980> <ITEM_CF,MIX,1000,899,0,0,0>
2013-12-14 15:19:47:980> <2>VMIX                                     <3>
2013-12-14 15:19:48:180> <6>
2013-12-14 15:19:48:180> <2>N11.000 x 8.99        00000008990<3>
2013-12-14 15:19:48:420> <6>
2013-12-14 15:19:48:450> 
2013-12-14 15:19:48:450> <ITEM_CF 001 OK>
2013-12-14 15:19:48:450> <ITEM_CF,SALAMI,1000,799,0,0,0>
2013-12-14 15:19:48:450> <2>VSALAMI                                  <3>
2013-12-14 15:19:48:650> <6>
2013-12-14 15:19:48:650> <2>N11.000 x 7.99        00000007990<3>
2013-12-14 15:19:48:920> <6>
2013-12-14 15:19:48:940> 
2013-12-14 15:19:48:940> <ITEM_CF 002 OK>
2013-12-14 15:19:48:950> <SUBTOTAL_CF>
2013-12-14 15:19:48:950> <2>O1<3>
2013-12-14 15:19:50:950> <2>1698<3><6>
2013-12-14 15:19:50:970> 
2013-12-14 15:19:50:970> <SUBTOTAL_CF OK>
2013-12-14 15:19:50:970> <PAGO_CF,1698>
2013-12-14 15:19:50:970> <2>P1Pago                000000001698<3>
2013-12-14 15:19:51:210> <6>
2013-12-14 15:19:51:230> 
2013-12-14 15:19:51:230> <PAGO_CF OK>
2013-12-14 15:19:51:230> <CERRAR_CF>
2013-12-14 15:19:51:230> <2>_<3>
2013-12-14 15:19:51:260> <2><1><131><1><1><17><1>4<1><3><6>
2013-12-14 15:19:51:260> <2>M<3>
2013-12-14 15:19:51:610> <6>
2013-12-14 15:19:51:630> 
2013-12-14 15:19:51:630> <CERRAR_CF OK>
2013-12-14 15:36:48:852> Archivo de entrada:
2013-12-14 15:36:48:852> .\files\selectrapos.txt
2013-12-14 15:36:49:002> Archivo de salida:
2013-12-14 15:36:49:002> .\files\OUT_selectrapos.txt
2013-12-14 15:36:49:002> Puerto serial:
2013-12-14 15:36:49:002> COM1
2013-12-14 15:36:49:002> <ABRIR_CF,ARMADILLOTECH,1>
2013-12-14 15:36:49:002> <2>L00<3>
2013-12-14 15:36:50:232> <6>
2013-12-14 15:36:50:232> <2>VRazon Social: ARMADILLOTECH             <3>
2013-12-14 15:36:50:442> <6>
2013-12-14 15:36:50:442> <2>VRIF: 1                                  <3>
2013-12-14 15:36:50:642> <6>
2013-12-14 15:36:50:642> <2>V----------------------------------------<3>
2013-12-14 15:36:50:842> <6>
2013-12-14 15:36:50:842> <2>_<3>
2013-12-14 15:36:50:872> <2><1><131><1><1><1><1>1<1><3><6>
2013-12-14 15:36:50:902> 
2013-12-14 15:36:50:902> <ABRIR_CF OK>
2013-12-14 15:36:50:902> <ITEM_CF,MIX,1000,899,0,0,0>
2013-12-14 15:36:50:902> <2>VMIX                                     <3>
2013-12-14 15:36:51:102> <6>
2013-12-14 15:36:51:102> <2>N11.000 x 8.99        00000008990<3>
2013-12-14 15:36:51:342> <6>
2013-12-14 15:36:51:372> 
2013-12-14 15:36:51:372> <ITEM_CF 001 OK>
2013-12-14 15:36:51:372> <ITEM_CF,PASTRAMI  SHOULDER,1000,999,0,0,0>
2013-12-14 15:36:51:372> <2>VPASTRAMI  SHOULDER                      <3>
2013-12-14 15:36:51:572> <6>
2013-12-14 15:36:51:572> <2>N11.000 x 9.99        00000009990<3>
2013-12-14 15:36:51:812> <6>
2013-12-14 15:36:51:832> 
2013-12-14 15:36:51:842> <ITEM_CF 002 OK>
2013-12-14 15:36:51:842> <SUBTOTAL_CF>
2013-12-14 15:36:51:842> <2>O1<3>
2013-12-14 15:36:53:842> <2>1898<3><6>
2013-12-14 15:36:53:862> 
2013-12-14 15:36:53:862> <SUBTOTAL_CF OK>
2013-12-14 15:36:53:862> <PAGO_CF,1898>
2013-12-14 15:36:53:862> <2>P1Pago                000000001898<3>
2013-12-14 15:36:54:102> <6>
2013-12-14 15:36:54:122> 
2013-12-14 15:36:54:122> <PAGO_CF OK>
2013-12-14 15:36:54:122> <CERRAR_CF>
2013-12-14 15:36:54:122> <2>_<3>
2013-12-14 15:36:54:152> <2><1><131><1><1><17><1>4<1><3><6>
2013-12-14 15:36:54:152> <2>M<3>
2013-12-14 15:36:54:502> <6>
2013-12-14 15:36:54:522> 
2013-12-14 15:36:54:522> <CERRAR_CF OK>
2013-12-14 15:38:40:662> Archivo de entrada:
2013-12-14 15:38:40:662> .\files\selectrapos.txt
2013-12-14 15:38:40:822> Archivo de salida:
2013-12-14 15:38:40:822> .\files\OUT_selectrapos.txt
2013-12-14 15:38:40:822> Puerto serial:
2013-12-14 15:38:40:822> COM1
2013-12-14 15:38:40:822> <ABRIR_CF,GENERAL,00000000>
2013-12-14 15:38:40:822> <2>L00<3>
2013-12-14 15:38:42:032> <6>
2013-12-14 15:38:42:032> <2>VRazon Social: GENERAL                   <3>
2013-12-14 15:38:42:262> <6>
2013-12-14 15:38:42:262> <2>VRIF: 00000000                           <3>
2013-12-14 15:38:42:462> <6>
2013-12-14 15:38:42:462> <2>V----------------------------------------<3>
2013-12-14 15:38:42:662> <6>
2013-12-14 15:38:42:662> <2>_<3>
2013-12-14 15:38:42:692> <2><1><131><1><1><1><1>1<1><3><6>
2013-12-14 15:38:42:712> 
2013-12-14 15:38:42:712> <ABRIR_CF OK>
2013-12-14 15:38:42:712> <ITEM_CF,MIX,1000,899,0,0,0>
2013-12-14 15:38:42:712> <2>VMIX                                     <3>
2013-12-14 15:38:42:922> <6>
2013-12-14 15:38:42:922> <2>N11.000 x 8.99        00000008990<3>
2013-12-14 15:38:43:162> <6>
2013-12-14 15:38:43:182> 
2013-12-14 15:38:43:182> <ITEM_CF 001 OK>
2013-12-14 15:38:43:182> <ITEM_CF,PASTRAMI  SHOULDER,1000,999,0,0,0>
2013-12-14 15:38:43:182> <2>VPASTRAMI  SHOULDER                      <3>
2013-12-14 15:38:43:392> <6>
2013-12-14 15:38:43:392> <2>N11.000 x 9.99        00000009990<3>
2013-12-14 15:38:43:632> <6>
2013-12-14 15:38:43:652> 
2013-12-14 15:38:43:652> <ITEM_CF 002 OK>
2013-12-14 15:38:43:652> <ITEM_CF,PASTRAMI FRANCES,1000,999,0,0,0>
2013-12-14 15:38:43:652> <2>VPASTRAMI FRANCES                        <3>
2013-12-14 15:38:43:862> <6>
2013-12-14 15:38:43:862> <2>N11.000 x 9.99        00000009990<3>
2013-12-14 15:38:44:102> <6>
2013-12-14 15:38:44:122> 
2013-12-14 15:38:44:122> <ITEM_CF 003 OK>
2013-12-14 15:38:44:122> <ITEM_CF,PECHUGA DE PAVO AHUMADA,1000,799,0,0,0>
2013-12-14 15:38:44:122> <2>VPECHUGA DE PAVO AHUMADA                 <3>
2013-12-14 15:38:44:322> <6>
2013-12-14 15:38:44:332> <2>N11.000 x 7.99        00000007990<3>
2013-12-14 15:38:44:572> <6>
2013-12-14 15:38:44:592> 
2013-12-14 15:38:44:592> <ITEM_CF 004 OK>
2013-12-14 15:38:44:592> <ITEM_CF,DELIVERY,1000,200,0,0,0>
2013-12-14 15:38:44:592> <2>VDELIVERY                                <3>
2013-12-14 15:38:44:792> <6>
2013-12-14 15:38:44:792> <2>N11.000 x 2.00        00000002000<3>
2013-12-14 15:38:45:062> <6>
2013-12-14 15:38:45:092> 
2013-12-14 15:38:45:092> <ITEM_CF 005 OK>
2013-12-14 15:38:45:092> <SUBTOTAL_CF>
2013-12-14 15:38:45:092> <2>O1<3>
2013-12-14 15:38:47:092> <2>3896<3><6>
2013-12-14 15:38:47:112> 
2013-12-14 15:38:47:112> <SUBTOTAL_CF OK>
2013-12-14 15:38:47:112> <PAGO_CF,3896>
2013-12-14 15:38:47:112> <2>P1Pago                000000003896<3>
2013-12-14 15:38:47:352> <6>
2013-12-14 15:38:47:372> 
2013-12-14 15:38:47:372> <PAGO_CF OK>
2013-12-14 15:38:47:372> <CERRAR_CF>
2013-12-14 15:38:47:372> <2>_<3>
2013-12-14 15:38:47:402> <2><1><131><1><1><17><1>4<1><3><6>
2013-12-14 15:38:47:402> <2>M<3>
2013-12-14 15:38:47:752> <6>
2013-12-14 15:38:47:772> 
2013-12-14 15:38:47:772> <CERRAR_CF OK>
2013-12-14 15:52:18:254> Archivo de entrada:
2013-12-14 15:52:18:254> .\files\selectrapos.txt
2013-12-14 15:52:18:414> Archivo de salida:
2013-12-14 15:52:18:414> .\files\OUT_selectrapos.txt
2013-12-14 15:52:18:414> Puerto serial:
2013-12-14 15:52:18:414> COM1
2013-12-14 15:52:18:414> <REPORTE_X>
2013-12-14 15:52:18:414> <2>X<3>
2013-12-14 15:52:27:054> <6>
2013-12-14 15:52:27:074> 
2013-12-14 15:52:27:074> <REPORTE_X OK>
2013-12-14 17:34:01:697> Archivo de entrada:
2013-12-14 17:34:01:697> .\files\selectrapos.txt
2013-12-14 17:34:01:867> Archivo de salida:
2013-12-14 17:34:01:867> .\files\OUT_selectrapos.txt
2013-12-14 17:34:01:867> Puerto serial:
2013-12-14 17:34:01:867> COM1
2013-12-14 17:34:01:867> <ABRIR_DEVOLUCION,"GENERAL","00000000","20","TIV1210312","17-12-2012","04:02">
2013-12-14 17:34:01:867> <2>L02<3>
2013-12-14 17:34:03:077> <6>
2013-12-14 17:34:03:077> <2>VRazon Social: "GENERAL"                 <3>
2013-12-14 17:34:03:277> <6>
2013-12-14 17:34:03:277> <2>VRIF: "00000000"                         <3>
2013-12-14 17:34:03:517> <6>
2013-12-14 17:34:03:517> <2>VDatos del comprobante en devolucion:    <3>
2013-12-14 17:34:03:717> <6>
2013-12-14 17:34:03:717> <2>VNro. CF: "20"                           <3>
2013-12-14 17:34:03:917> <6>
2013-12-14 17:34:03:917> <2>VSerial Fiscal: "TIV1210312"             <3>
2013-12-14 17:34:04:127> <6>
2013-12-14 17:34:04:127> <2>VFecha CF: "17-12-2012"                  <3>
2013-12-14 17:34:04:327> <6>
2013-12-14 17:34:04:327> <2>VHora CF: "04:02"                        <3>   
2013-12-14 17:34:04:527> <6>
2013-12-14 17:34:04:537> <2>V----------------------------------------<3>
2013-12-14 17:34:04:737> <6>
2013-12-14 17:34:04:737> <2>_<3>
2013-12-14 17:34:04:767> <2><1><3><1><1><9><1>9<1><3><6>
2013-12-14 17:34:04:787> 
2013-12-14 17:34:04:787> <ABRIR_DEVOLUCION OK>
2013-12-14 19:35:42:741> Archivo de entrada:
2013-12-14 19:35:42:741> .\files\selectrapos.txt
2013-12-14 19:35:42:914> Archivo de salida:
2013-12-14 19:35:42:914> .\files\OUT_selectrapos.txt
2013-12-14 19:35:42:914> Puerto serial:
2013-12-14 19:35:42:914> COM1
2013-12-14 19:35:42:914> <ABRIR_CF,ARMADILLOTECH,1>
2013-12-14 19:35:42:914> <2>L00<3>
2013-12-14 19:35:44:149> <6>
2013-12-14 19:35:44:149> <2>VRazon Social: ARMADILLOTECH             <3>
2013-12-14 19:35:44:352> <6>
2013-12-14 19:35:44:352> <2>VRIF: 1                                  <3>
2013-12-14 19:35:44:555> <6>
2013-12-14 19:35:44:555> <2>V----------------------------------------<3>
2013-12-14 19:35:44:758> <6>
2013-12-14 19:35:44:758> <2>_<3>
2013-12-14 19:35:44:789> <2><1><131><1><1><1><1>1<1><3><6>
2013-12-14 19:35:44:805> 
2013-12-14 19:35:44:805> <ABRIR_CF OK>
2013-12-14 19:35:44:805> <ITEM_CF,MIX,1000,899,0,0,0>
2013-12-14 19:35:44:805> <2>VMIX                                     <3>
2013-12-14 19:35:45:007> <6>
2013-12-14 19:35:45:023> <2>N11.000 x 8.99        00000008990<3>
2013-12-14 19:35:45:257> <6>
2013-12-14 19:35:45:288> 
2013-12-14 19:35:45:288> <ITEM_CF 001 OK>
2013-12-14 19:35:45:288> <ITEM_CF,PASTRAMI  SHOULDER,1000,999,0,0,0>
2013-12-14 19:35:45:288> <2>VPASTRAMI  SHOULDER                      <3>
2013-12-14 19:35:45:491> <6>
2013-12-14 19:35:45:491> <2>N11.000 x 9.99        00000009990<3>
2013-12-14 19:35:45:725> <6>
2013-12-14 19:35:45:756> 
2013-12-14 19:35:45:756> <ITEM_CF 002 OK>
2013-12-14 19:35:45:756> <SUBTOTAL_CF>
2013-12-14 19:35:45:756> <2>O1<3>
2013-12-14 19:35:47:769> <2>1898<3><6>
2013-12-14 19:35:47:784> 
2013-12-14 19:35:47:784> <SUBTOTAL_CF OK>
2013-12-14 19:35:47:784> <PAGO_CF,1898>
2013-12-14 19:35:47:784> <2>P1Pago                000000001898<3>
2013-12-14 19:35:48:018> <6>
2013-12-14 19:35:48:049> 
2013-12-14 19:35:48:049> <PAGO_CF OK>
2013-12-14 19:35:48:049> <CERRAR_CF>
2013-12-14 19:35:48:049> <2>_<3>
2013-12-14 19:35:48:081> <2><1><131><1><1><17><1>4<1><3><6>
2013-12-14 19:35:48:081> <2>M<3>
2013-12-14 19:35:48:424> <6>
2013-12-14 19:35:48:439> 
2013-12-14 19:35:48:455> <CERRAR_CF OK>
2013-12-14 19:35:58:548> Archivo de entrada:
2013-12-14 19:35:58:548> .\files\selectrapos.txt
2013-12-14 19:35:58:751> Archivo de salida:
2013-12-14 19:35:58:751> .\files\OUT_selectrapos.txt
2013-12-14 19:35:58:751> Puerto serial:
2013-12-14 19:35:58:751> COM1
2013-12-14 19:35:58:751> <REPORTE_X>
2013-12-14 19:35:58:751> <2>X<3>
2013-12-14 19:36:07:393> <6>
2013-12-14 19:36:07:425> 
2013-12-14 19:36:07:425> <REPORTE_X OK>
2013-12-14 19:36:20:530> Archivo de entrada:
2013-12-14 19:36:20:530> .\files\selectrapos.txt
2013-12-14 19:36:20:733> Archivo de salida:
2013-12-14 19:36:20:733> .\files\OUT_selectrapos.txt
2013-12-14 19:36:20:733> Puerto serial:
2013-12-14 19:36:20:733> COM1
2013-12-14 19:36:20:733> <REPORTE_Z>
2013-12-14 19:36:20:733> <2>Z<3>
2013-12-14 19:36:30:873> <6>
2013-12-14 19:36:30:888> 
2013-12-14 19:36:30:888> <REPORTE_Z OK>
2013-12-15 13:25:15:695> Archivo de entrada:
2013-12-15 13:25:15:744> .\files\selectrapos.txt
2013-12-15 13:25:15:744> Error no se puede abrir el puerto
2013-12-15 13:25:15:744> Archivo de salida:
2013-12-15 13:25:15:744> .\files\OUT_selectrapos.txt
2013-12-15 13:25:15:744> Puerto serial:
2013-12-15 13:25:15:744> COM1
2013-12-15 13:28:01:971> Archivo de entrada:
2013-12-15 13:28:01:971> .\files\selectrapos.txt
2013-12-15 13:28:01:971> Error no se puede abrir el puerto
2013-12-15 13:28:01:971> Archivo de salida:
2013-12-15 13:28:01:971> .\files\OUT_selectrapos.txt
2013-12-15 13:28:01:971> Puerto serial:
2013-12-15 13:28:01:971> COM1
2013-12-20 17:15:35:884> Archivo de entrada:
2013-12-20 17:15:35:884> .\files\selectra.txt
2013-12-20 17:15:35:884> Error no se puede abrir el puerto
2013-12-20 17:15:35:884> Archivo de salida:
2013-12-20 17:15:35:884> .\files\OUT_selectra.txt
2013-12-20 17:15:35:884> Puerto serial:
2013-12-20 17:15:35:884> COM1
2013-12-20 17:17:41:104> Archivo de entrada:
2013-12-20 17:17:41:104> .\files\selectra.txt
2013-12-20 17:17:41:104> Error no se puede abrir el puerto
2013-12-20 17:17:41:104> Archivo de salida:
2013-12-20 17:17:41:104> .\files\OUT_selectra.txt
2013-12-20 17:17:41:104> Puerto serial:
2013-12-20 17:17:41:104> COM1
2013-12-20 18:13:29:587> Archivo de entrada:
2013-12-20 18:13:29:587> .\files\selectra.txt
2013-12-20 18:13:29:587> Error no se puede abrir el puerto
2013-12-20 18:13:29:587> Archivo de salida:
2013-12-20 18:13:29:587> .\files\OUT_selectra.txt
2013-12-20 18:13:29:587> Puerto serial:
2013-12-20 18:13:29:587> COM1
2014-01-09 13:21:50:854> Archivo de entrada:
2014-01-09 13:21:50:855> .\files\selectra.txt
2014-01-09 13:21:50:856> Error no se puede abrir el puerto
2014-01-09 13:21:50:857> Archivo de salida:
2014-01-09 13:21:50:858> .\files\OUT_selectra.txt
2014-01-09 13:21:50:859> Puerto serial:
2014-01-09 13:21:50:859> COM1
2014-01-09 13:21:55:862> Archivo de entrada:
2014-01-09 13:21:55:863> .\files\selectra.txt
2014-01-09 13:21:55:864> Error no se puede abrir el puerto
2014-01-09 13:21:55:866> Archivo de salida:
2014-01-09 13:21:55:867> .\files\OUT_selectra.txt
2014-01-09 13:21:55:868> Puerto serial:
2014-01-09 13:21:55:868> COM1
2014-01-09 13:25:45:632> Archivo de entrada:
2014-01-09 13:25:45:633> .\files\selectra.txt
2014-01-09 13:25:45:638> Error no se puede abrir el puerto
2014-01-09 13:25:45:639> Archivo de salida:
2014-01-09 13:25:45:640> .\files\OUT_selectra.txt
2014-01-09 13:25:45:641> Puerto serial:
2014-01-09 13:25:45:642> COM1
2014-01-09 13:56:49:458> Archivo de entrada:
2014-01-09 13:56:49:459> .\files\selectra.txt
2014-01-09 13:56:49:460> Error no se puede abrir el puerto
2014-01-09 13:56:49:461> Archivo de salida:
2014-01-09 13:56:49:462> .\files\OUT_selectra.txt
2014-01-09 13:56:49:463> Puerto serial:
2014-01-09 13:56:49:463> COM1
2014-01-09 14:08:47:395> Archivo de entrada:
2014-01-09 14:08:47:395> .\files\selectra.txt
2014-01-09 14:08:47:396> Error no se puede abrir el puerto
2014-01-09 14:08:47:398> Archivo de salida:
2014-01-09 14:08:47:398> .\files\OUT_selectra.txt
2014-01-09 14:08:47:399> Puerto serial:
2014-01-09 14:08:47:401> COM1
2014-01-09 14:10:46:747> Archivo de entrada:
2014-01-09 14:10:46:748> .\files\selectra.txt
2014-01-09 14:10:46:749> Error no se puede abrir el puerto
2014-01-09 14:10:46:751> Archivo de salida:
2014-01-09 14:10:46:751> .\files\OUT_selectra.txt
2014-01-09 14:10:46:752> Puerto serial:
2014-01-09 14:10:46:753> COM1
2014-01-09 14:33:09:554> Archivo de entrada:
2014-01-09 14:33:09:555> .\files\selectra.txt
2014-01-09 14:33:09:556> Error no se puede abrir el puerto
2014-01-09 14:33:09:557> Archivo de salida:
2014-01-09 14:33:09:558> .\files\OUT_selectra.txt
2014-01-09 14:33:09:559> Puerto serial:
2014-01-09 14:33:09:559> COM1
2014-01-09 15:20:27:794> Archivo de entrada:
2014-01-09 15:20:27:795> .\files\selectra.txt
2014-01-09 15:20:27:796> Error no se puede abrir el puerto
2014-01-09 15:20:27:798> Archivo de salida:
2014-01-09 15:20:27:798> .\files\OUT_selectra.txt
2014-01-09 15:20:27:799> Puerto serial:
2014-01-09 15:20:27:800> COM1
2014-01-09 15:22:15:021> Archivo de entrada:
2014-01-09 15:22:15:022> .\files\selectra.txt
2014-01-09 15:22:15:024> Error no se puede abrir el puerto
2014-01-09 15:22:15:025> Archivo de salida:
2014-01-09 15:22:15:026> .\files\OUT_selectra.txt
2014-01-09 15:22:15:027> Puerto serial:
2014-01-09 15:22:15:028> COM1
2014-01-09 15:28:13:916> Archivo de entrada:
2014-01-09 15:28:13:916> .\files\selectra.txt
2014-01-09 15:28:13:918> Error no se puede abrir el puerto
2014-01-09 15:28:13:920> Archivo de salida:
2014-01-09 15:28:13:921> .\files\OUT_selectra.txt
2014-01-09 15:28:13:922> Puerto serial:
2014-01-09 15:28:13:922> COM1
2014-02-09 02:30:53:402> Archivo de entrada:
2014-02-09 02:30:53:402> .\files\selectra.txt
2014-02-09 02:30:53:402> Error no se puede abrir el puerto
2014-02-09 02:30:53:412> Archivo de salida:
2014-02-09 02:30:53:412> .\files\OUT_selectra.txt
2014-02-09 02:30:53:422> Puerto serial:
2014-02-09 02:30:53:422> COM1
2014-02-09 02:40:50:814> Archivo de entrada:
2014-02-09 02:40:50:814> .\files\selectra.txt
2014-02-09 02:40:50:814> Error no se puede abrir el puerto
2014-02-09 02:40:50:814> Archivo de salida:
2014-02-09 02:40:50:814> .\files\OUT_selectra.txt
2014-02-09 02:40:50:814> Puerto serial:
2014-02-09 02:40:50:824> COM1
2014-02-09 02:45:15:674> Archivo de entrada:
2014-02-09 02:45:15:674> .\files\selectra.txt
2014-02-09 02:45:15:674> Error no se puede abrir el puerto
2014-02-09 02:45:15:684> Archivo de salida:
2014-02-09 02:45:15:684> .\files\OUT_selectra.txt
2014-02-09 02:45:15:684> Puerto serial:
2014-02-09 02:45:15:684> COM1
2014-02-10 16:30:38:572> Archivo de entrada:
2014-02-10 16:30:38:602> .\files\selectra.txt
2014-02-10 16:30:38:604> Error no se puede abrir el puerto
2014-02-10 16:30:38:605> Archivo de salida:
2014-02-10 16:30:38:606> .\files\OUT_selectra.txt
2014-02-10 16:30:38:607> Puerto serial:
2014-02-10 16:30:38:607> COM1
2014-02-10 16:32:17:307> Archivo de entrada:
2014-02-10 16:32:17:308> .\files\selectra.txt
2014-02-10 16:32:17:309> Error no se puede abrir el puerto
2014-02-10 16:32:17:311> Archivo de salida:
2014-02-10 16:32:17:311> .\files\OUT_selectra.txt
2014-02-10 16:32:17:312> Puerto serial:
2014-02-10 16:32:17:315> COM1
2014-02-10 17:08:25:873> Archivo de entrada:
2014-02-10 17:08:25:874> .\files\selectra.txt
2014-02-10 17:08:25:875> Error no se puede abrir el puerto
2014-02-10 17:08:25:876> Archivo de salida:
2014-02-10 17:08:25:877> .\files\OUT_selectra.txt
2014-02-10 17:08:25:877> Puerto serial:
2014-02-10 17:08:25:878> COM1
2014-02-10 23:49:16:423> Archivo de entrada:
2014-02-10 23:49:16:431> .\files\selectra.txt
2014-02-10 23:49:16:432> Error no se puede abrir el puerto
2014-02-10 23:49:16:432> Archivo de salida:
2014-02-10 23:49:16:432> .\files\OUT_selectra.txt
2014-02-10 23:49:16:432> Puerto serial:
2014-02-10 23:49:16:432> COM1
2014-02-10 23:54:43:142> Archivo de entrada:
2014-02-10 23:54:43:142> .\files\selectra.txt
2014-02-10 23:54:43:143> Error no se puede abrir el puerto
2014-02-10 23:54:43:143> Archivo de salida:
2014-02-10 23:54:43:143> .\files\OUT_selectra.txt
2014-02-10 23:54:43:143> Puerto serial:
2014-02-10 23:54:43:144> COM1
2014-02-11 09:12:30:483> Archivo de entrada:
2014-02-11 09:12:30:484> .\files\selectra.txt
2014-02-11 09:12:30:484> Error no se puede abrir el puerto
2014-02-11 09:12:30:486> Archivo de salida:
2014-02-11 09:12:30:486> .\files\OUT_selectra.txt
2014-02-11 09:12:30:487> Puerto serial:
2014-02-11 09:12:30:487> COM1
2014-02-11 11:00:57:158> Archivo de entrada:
2014-02-11 11:00:57:159> .\files\selectra.txt
2014-02-11 11:00:57:160> Error no se puede abrir el puerto
2014-02-11 11:00:57:161> Archivo de salida:
2014-02-11 11:00:57:162> .\files\OUT_selectra.txt
2014-02-11 11:00:57:162> Puerto serial:
2014-02-11 11:00:57:163> COM1
2014-02-11 13:23:01:536> Archivo de entrada:
2014-02-11 13:23:01:538> .\files\selectra.txt
2014-02-11 13:23:01:550> Error no se puede abrir el puerto
2014-02-11 13:23:01:554> Archivo de salida:
2014-02-11 13:23:01:556> .\files\OUT_selectra.txt
2014-02-11 13:23:01:557> Puerto serial:
2014-02-11 13:23:01:559> COM1
2014-02-11 13:36:47:548> Archivo de entrada:
2014-02-11 13:36:47:549> .\files\selectra.txt
2014-02-11 13:36:47:550> Error no se puede abrir el puerto
2014-02-11 13:36:47:553> Archivo de salida:
2014-02-11 13:36:47:554> .\files\OUT_selectra.txt
2014-02-11 13:36:47:555> Puerto serial:
2014-02-11 13:36:47:555> COM1
2014-02-12 09:12:40:474> Archivo de entrada:
2014-02-12 09:12:40:480> .\files\selectra.txt
2014-02-12 09:12:40:481> Error no se puede abrir el puerto
2014-02-12 09:12:40:483> Archivo de salida:
2014-02-12 09:12:40:484> .\files\OUT_selectra.txt
2014-02-12 09:12:40:485> Puerto serial:
2014-02-12 09:12:40:485> COM1
2014-02-13 00:00:07:781> Archivo de entrada:
2014-02-13 00:00:07:792> .\files\selectra.txt
2014-02-13 00:00:07:793> Error no se puede abrir el puerto
2014-02-13 00:00:07:794> Archivo de salida:
2014-02-13 00:00:07:795> .\files\OUT_selectra.txt
2014-02-13 00:00:07:795> Puerto serial:
2014-02-13 00:00:07:796> COM1
2014-02-15 13:54:06:897> Archivo de entrada:
2014-02-15 13:54:06:898> .\files\selectra.txt
2014-02-15 13:54:06:899> Error no se puede abrir el puerto
2014-02-15 13:54:06:901> Archivo de salida:
2014-02-15 13:54:06:901> .\files\OUT_selectra.txt
2014-02-15 13:54:06:902> Puerto serial:
2014-02-15 13:54:06:903> COM1
2014-02-17 16:11:20:315> Archivo de entrada:
2014-02-17 16:11:20:317> .\files\selectra.txt
2014-02-17 16:11:20:318> Error no se puede abrir el puerto
2014-02-17 16:11:20:319> Archivo de salida:
2014-02-17 16:11:20:320> .\files\OUT_selectra.txt
2014-02-17 16:11:20:320> Puerto serial:
2014-02-17 16:11:20:321> COM1
2014-02-18 00:46:36:778> Archivo de entrada:
2014-02-18 00:46:36:793> .\files\selectra.txt
2014-02-18 00:46:36:795> Error no se puede abrir el puerto
2014-02-18 00:46:36:796> Archivo de salida:
2014-02-18 00:46:36:797> .\files\OUT_selectra.txt
2014-02-18 00:46:36:797> Puerto serial:
2014-02-18 00:46:36:798> COM1
2014-02-18 09:02:01:564> Archivo de entrada:
2014-02-18 09:02:01:588> .\files\selectra.txt
2014-02-18 09:02:01:589> Error no se puede abrir el puerto
2014-02-18 09:02:01:591> Archivo de salida:
2014-02-18 09:02:01:591> .\files\OUT_selectra.txt
2014-02-18 09:02:01:592> Puerto serial:
2014-02-18 09:02:01:592> COM1
2014-02-19 22:30:18:307> Archivo de entrada:
2014-02-19 22:30:18:324> .\files\selectra.txt
2014-02-19 22:30:18:326> Error no se puede abrir el puerto
2014-02-19 22:30:18:331> Archivo de salida:
2014-02-19 22:30:18:332> .\files\OUT_selectra.txt
2014-02-19 22:30:18:333> Puerto serial:
2014-02-19 22:30:18:334> COM1
2014-02-19 22:36:11:695> Archivo de entrada:
2014-02-19 22:36:11:696> .\files\selectra.txt
2014-02-19 22:36:11:697> Error no se puede abrir el puerto
2014-02-19 22:36:11:698> Archivo de salida:
2014-02-19 22:36:11:699> .\files\OUT_selectra.txt
2014-02-19 22:36:11:700> Puerto serial:
2014-02-19 22:36:11:700> COM1
2014-02-20 00:40:37:857> Archivo de entrada:
2014-02-20 00:40:37:858> .\files\selectra.txt
2014-02-20 00:40:37:859> Error no se puede abrir el puerto
2014-02-20 00:40:37:860> Archivo de salida:
2014-02-20 00:40:37:861> .\files\OUT_selectra.txt
2014-02-20 00:40:37:861> Puerto serial:
2014-02-20 00:40:37:862> COM1
2014-02-20 01:15:33:399> Archivo de entrada:
2014-02-20 01:15:33:400> .\files\selectra.txt
2014-02-20 01:15:33:401> Error no se puede abrir el puerto
2014-02-20 01:15:33:403> Archivo de salida:
2014-02-20 01:15:33:403> .\files\OUT_selectra.txt
2014-02-20 01:15:33:404> Puerto serial:
2014-02-20 01:15:33:405> COM1
2014-02-20 01:18:29:778> Archivo de entrada:
2014-02-20 01:18:29:779> .\files\selectra.txt
2014-02-20 01:18:29:780> Error no se puede abrir el puerto
2014-02-20 01:18:29:782> Archivo de salida:
2014-02-20 01:18:29:783> .\files\OUT_selectra.txt
2014-02-20 01:18:29:783> Puerto serial:
2014-02-20 01:18:29:784> COM1
2014-02-20 01:46:31:592> Archivo de entrada:
2014-02-20 01:46:31:593> .\files\selectra.txt
2014-02-20 01:46:31:595> Error no se puede abrir el puerto
2014-02-20 01:46:31:597> Archivo de salida:
2014-02-20 01:46:31:598> .\files\OUT_selectra.txt
2014-02-20 01:46:31:599> Puerto serial:
2014-02-20 01:46:31:600> COM1
2014-02-23 15:29:02:589> Archivo de entrada:
2014-02-23 15:29:02:608> .\files\selectra.txt
2014-02-23 15:29:02:609> Error no se puede abrir el puerto
2014-02-23 15:29:02:610> Archivo de salida:
2014-02-23 15:29:02:611> .\files\OUT_selectra.txt
2014-02-23 15:29:02:612> Puerto serial:
2014-02-23 15:29:02:612> COM1
2014-02-23 16:04:31:038> Archivo de entrada:
2014-02-23 16:04:31:039> .\files\selectra.txt
2014-02-23 16:04:31:040> Error no se puede abrir el puerto
2014-02-23 16:04:31:042> Archivo de salida:
2014-02-23 16:04:31:042> .\files\OUT_selectra.txt
2014-02-23 16:04:31:043> Puerto serial:
2014-02-23 16:04:31:044> COM1
